#
# There is insufficient memory for the Java Runtime Environment to continue.
# Native memory allocation (malloc) failed to allocate 32744 bytes. Error detail: ChunkPool::allocate
# Possible reasons:
#   The system is out of physical RAM or swap space
#   This process is running with CompressedOops enabled, and the Java Heap may be blocking the growth of the native heap
# Possible solutions:
#   Reduce memory load on the system
#   Increase physical memory or swap space
#   Check if swap backing store is full
#   Decrease Java heap size (-Xmx/-Xms)
#   Decrease number of Java threads
#   Decrease Java thread stack sizes (-Xss)
#   Set larger code cache with -XX:ReservedCodeCacheSize=
#   JVM is running with Unscaled Compressed Oops mode in which the Java heap is
#     placed in the first 4GB address space. The Java Heap base address is the
#     maximum limit for the native heap growth. Please use -XX:HeapBaseMinAddress
#     to set the Java Heap base and to place the Java Heap above 4GB virtual address.
# This output file may be truncated or incomplete.
#
#  Out of Memory Error (arena.cpp:79), pid=1672, tid=12712
#
# JRE version: OpenJDK Runtime Environment (17.0.11) (build 17.0.11+0--11852314)
# Java VM: OpenJDK 64-Bit Server VM (17.0.11+0--11852314, mixed mode, tiered, compressed oops, compressed class ptrs, g1 gc, windows-amd64)
# No core dump will be written. Minidumps are not enabled by default on client versions of Windows
#

---------------  S U M M A R Y ------------

Command Line: --add-opens=java.base/java.util=ALL-UNNAMED --add-opens=java.base/java.lang=ALL-UNNAMED --add-opens=java.base/java.lang.invoke=ALL-UNNAMED --add-opens=java.prefs/java.util.prefs=ALL-UNNAMED --add-opens=java.base/java.nio.charset=ALL-UNNAMED --add-opens=java.base/java.net=ALL-UNNAMED --add-opens=java.base/java.util.concurrent.atomic=ALL-UNNAMED -Xmx2048m -Dfile.encoding=UTF-8 -Duser.country=FR -Duser.language=fr -Duser.variant -javaagent:C:\Users\ousso\AndroidStudioProjects\nvapll\wrapper\dists\gradle-8.7-bin\bhs2wmbdwecv87pi65oeuq5iu\gradle-8.7\lib\agents\gradle-instrumentation-agent-8.7.jar org.gradle.launcher.daemon.bootstrap.GradleDaemon 8.7

Host: Intel(R) Core(TM) i5-5300U CPU @ 2.30GHz, 4 cores, 7G,  Windows 10 , 64 bit Build 19041 (10.0.19041.5072)
Time: Mon Nov 18 14:02:14 2024 Paris, Madrid elapsed time: 113.769429 seconds (0d 0h 1m 53s)

---------------  T H R E A D  ---------------

Current thread (0x0000022367376590):  JavaThread "C2 CompilerThread1" daemon [_thread_in_native, id=12712, stack(0x0000009100200000,0x0000009100300000)]


Current CompileTask:
C2: 113794 9024       4       org.objectweb.asm.ClassReader::readCode (5117 bytes)

Stack: [0x0000009100200000,0x0000009100300000]
Native frames: (J=compiled Java code, j=interpreted, Vv=VM code, C=native code)
V  [jvm.dll+0x687bb9]
V  [jvm.dll+0x84142a]
V  [jvm.dll+0x8430ae]
V  [jvm.dll+0x843713]
V  [jvm.dll+0x24a35f]
V  [jvm.dll+0xac741]
V  [jvm.dll+0xacb8c]
V  [jvm.dll+0x36f04c]
V  [jvm.dll+0x570ff8]
V  [jvm.dll+0x570010]
V  [jvm.dll+0x570c13]
V  [jvm.dll+0x334199]
V  [jvm.dll+0x33360a]
V  [jvm.dll+0x21bed1]
V  [jvm.dll+0x21b311]
V  [jvm.dll+0x1a63ed]
V  [jvm.dll+0x22b1ee]
V  [jvm.dll+0x229375]
V  [jvm.dll+0x7f5647]
V  [jvm.dll+0x7efa4a]
V  [jvm.dll+0x686a35]
C  [ucrtbase.dll+0x21bb2]
C  [KERNEL32.DLL+0x17374]
C  [ntdll.dll+0x4cc91]


---------------  P R O C E S S  ---------------

Threads class SMR info:
_java_thread_list=0x00000223658f0a30, length=42, elements={
0x0000022341894fb0, 0x0000022361013620, 0x000002235cdf4e20, 0x000002235ce12820,
0x0000022361029830, 0x000002236102a8a0, 0x000002236102b910, 0x00000223610301b0,
0x0000022361031260, 0x0000022361045280, 0x000002235cd7afd0, 0x00000223612b0680,
0x0000022363366350, 0x0000022362ae55b0, 0x0000022363c47be0, 0x00000223616c5c60,
0x0000022362945b30, 0x00000223633a83c0, 0x0000022362dd9520, 0x0000022362384310,
0x0000022362385240, 0x0000022362385750, 0x0000022362384820, 0x00000223623829c0,
0x0000022362386170, 0x0000022362382ed0, 0x00000223623838f0, 0x00000223623833e0,
0x0000022362383e00, 0x0000022362b14080, 0x0000022362b14aa0, 0x0000022362b14590,
0x0000022362b108d0, 0x0000022362b10de0, 0x0000022362b14fb0, 0x0000022362b11800,
0x0000022362b0db40, 0x0000022362b11d10, 0x0000022362b103c0, 0x0000022362b154c0,
0x0000022367376590, 0x0000022362b0f490
}

Java Threads: ( => current thread )
  0x0000022341894fb0 JavaThread "main" [_thread_blocked, id=11676, stack(0x000000917cc00000,0x000000917cd00000)]
  0x0000022361013620 JavaThread "Reference Handler" daemon [_thread_blocked, id=14448, stack(0x000000917d300000,0x000000917d400000)]
  0x000002235cdf4e20 JavaThread "Finalizer" daemon [_thread_blocked, id=7044, stack(0x000000917d400000,0x000000917d500000)]
  0x000002235ce12820 JavaThread "Signal Dispatcher" daemon [_thread_blocked, id=7828, stack(0x000000917d500000,0x000000917d600000)]
  0x0000022361029830 JavaThread "Attach Listener" daemon [_thread_blocked, id=4076, stack(0x000000917d600000,0x000000917d700000)]
  0x000002236102a8a0 JavaThread "Service Thread" daemon [_thread_blocked, id=8420, stack(0x000000917d700000,0x000000917d800000)]
  0x000002236102b910 JavaThread "Monitor Deflation Thread" daemon [_thread_blocked, id=11504, stack(0x000000917d800000,0x000000917d900000)]
  0x00000223610301b0 JavaThread "C2 CompilerThread0" daemon [_thread_in_native, id=10344, stack(0x000000917d900000,0x000000917da00000)]
  0x0000022361031260 JavaThread "C1 CompilerThread0" daemon [_thread_in_vm, id=12208, stack(0x000000917da00000,0x000000917db00000)]
  0x0000022361045280 JavaThread "Sweeper thread" daemon [_thread_blocked, id=10580, stack(0x000000917db00000,0x000000917dc00000)]
  0x000002235cd7afd0 JavaThread "Common-Cleaner" daemon [_thread_blocked, id=13052, stack(0x000000917dc00000,0x000000917dd00000)]
  0x00000223612b0680 JavaThread "Notification Thread" daemon [_thread_blocked, id=12820, stack(0x000000917dd00000,0x000000917de00000)]
  0x0000022363366350 JavaThread "Daemon health stats" [_thread_blocked, id=14168, stack(0x000000917e300000,0x000000917e400000)]
  0x0000022362ae55b0 JavaThread "Incoming local TCP Connector on port 55057" [_thread_in_native, id=3372, stack(0x000000917e400000,0x000000917e500000)]
  0x0000022363c47be0 JavaThread "Daemon periodic checks" [_thread_blocked, id=3244, stack(0x000000917e500000,0x000000917e600000)]
  0x00000223616c5c60 JavaThread "Daemon" [_thread_blocked, id=14432, stack(0x000000917e600000,0x000000917e700000)]
  0x0000022362945b30 JavaThread "Handler for socket connection from /127.0.0.1:55057 to /127.0.0.1:55058" [_thread_in_native, id=15148, stack(0x000000917e700000,0x000000917e800000)]
  0x00000223633a83c0 JavaThread "Cancel handler" [_thread_blocked, id=15004, stack(0x000000917e800000,0x000000917e900000)]
  0x0000022362dd9520 JavaThread "Daemon worker" [_thread_in_native, id=6812, stack(0x000000917e900000,0x000000917ea00000)]
  0x0000022362384310 JavaThread "Asynchronous log dispatcher for DefaultDaemonConnection: socket connection from /127.0.0.1:55057 to /127.0.0.1:55058" [_thread_blocked, id=13944, stack(0x000000917ea00000,0x000000917eb00000)]
  0x0000022362385240 JavaThread "Daemon client event forwarder" [_thread_blocked, id=14944, stack(0x000000917ec00000,0x000000917ed00000)]
  0x0000022362385750 JavaThread "Cache worker for journal cache (C:\Users\ousso\AndroidStudioProjects\nvapll\caches\journal-1)" [_thread_blocked, id=9996, stack(0x000000917e200000,0x000000917e300000)]
  0x0000022362384820 JavaThread "File lock request listener" [_thread_in_native, id=7952, stack(0x000000917ed00000,0x000000917ee00000)]
  0x00000223623829c0 JavaThread "Cache worker for file hash cache (C:\Users\ousso\AndroidStudioProjects\nvapll\caches\8.7\fileHashes)" [_thread_blocked, id=3064, stack(0x000000917ee00000,0x000000917ef00000)]
  0x0000022362386170 JavaThread "Cache worker for file hash cache (C:\Users\ousso\AndroidStudioProjects\eeeasy\.gradle\8.7\fileHashes)" [_thread_blocked, id=14304, stack(0x000000917f000000,0x000000917f100000)]
  0x0000022362382ed0 JavaThread "File watcher server" daemon [_thread_in_native, id=5560, stack(0x000000917ef00000,0x000000917f000000)]
  0x00000223623838f0 JavaThread "File watcher consumer" daemon [_thread_blocked, id=12112, stack(0x000000917f100000,0x000000917f200000)]
  0x00000223623833e0 JavaThread "jar transforms" [_thread_blocked, id=13788, stack(0x000000917f200000,0x000000917f300000)]
  0x0000022362383e00 JavaThread "jar transforms Thread 2" [_thread_blocked, id=7112, stack(0x000000917f300000,0x000000917f400000)]
  0x0000022362b14080 JavaThread "jar transforms Thread 3" [_thread_blocked, id=9548, stack(0x000000917f400000,0x000000917f500000)]
  0x0000022362b14aa0 JavaThread "jar transforms Thread 4" [_thread_blocked, id=12392, stack(0x000000917f500000,0x000000917f600000)]
  0x0000022362b14590 JavaThread "Cache worker for checksums cache (C:\Users\ousso\AndroidStudioProjects\eeeasy\.gradle\8.7\checksums)" [_thread_blocked, id=15044, stack(0x000000917f700000,0x000000917f800000)]
  0x0000022362b108d0 JavaThread "Cache worker for cache directory md-supplier (C:\Users\ousso\AndroidStudioProjects\nvapll\caches\8.7\md-supplier)" [_thread_blocked, id=14648, stack(0x000000917f800000,0x000000917f900000)]
  0x0000022362b10de0 JavaThread "Cache worker for cache directory md-rule (C:\Users\ousso\AndroidStudioProjects\nvapll\caches\8.7\md-rule)" [_thread_blocked, id=8176, stack(0x000000917f900000,0x000000917fa00000)]
  0x0000022362b14fb0 JavaThread "Cache worker for file content cache (C:\Users\ousso\AndroidStudioProjects\nvapll\caches\8.7\fileContent)" [_thread_blocked, id=4588, stack(0x000000917fb00000,0x000000917fc00000)]
  0x0000022362b11800 JavaThread "Unconstrained build operations" [_thread_blocked, id=15264, stack(0x000000917cb00000,0x000000917cc00000)]
  0x0000022362b0db40 JavaThread "Unconstrained build operations Thread 2" [_thread_blocked, id=1192, stack(0x000000917fa00000,0x000000917fb00000)]
  0x0000022362b11d10 JavaThread "Unconstrained build operations Thread 3" [_thread_blocked, id=8504, stack(0x000000917ff00000,0x0000009180000000)]
  0x0000022362b103c0 JavaThread "Unconstrained build operations Thread 4" [_thread_blocked, id=3400, stack(0x0000009100000000,0x0000009100100000)]
  0x0000022362b154c0 JavaThread "Unconstrained build operations Thread 5" [_thread_blocked, id=13720, stack(0x0000009100100000,0x0000009100200000)]
=>0x0000022367376590 JavaThread "C2 CompilerThread1" daemon [_thread_in_native, id=12712, stack(0x0000009100200000,0x0000009100300000)]
  0x0000022362b0f490 JavaThread "Cache worker for Build Output Cleanup Cache (C:\Users\ousso\AndroidStudioProjects\eeeasy\.gradle\buildOutputCleanup)" [_thread_blocked, id=11340, stack(0x0000009100300000,0x0000009100400000)]

Other Threads:
  0x000002235cdef8b0 VMThread "VM Thread" [stack: 0x000000917d200000,0x000000917d300000] [id=12836]
  0x000002236128e370 WatcherThread [stack: 0x000000917de00000,0x000000917df00000] [id=12624]
  0x000002234171e830 GCTaskThread "GC Thread#0" [stack: 0x000000917cd00000,0x000000917ce00000] [id=5160]
  0x000002236167fe30 GCTaskThread "GC Thread#1" [stack: 0x000000917e000000,0x000000917e100000] [id=1284]
  0x00000223616800f0 GCTaskThread "GC Thread#2" [stack: 0x000000917e100000,0x000000917e200000] [id=11448]
  0x00000223616836e0 GCTaskThread "GC Thread#3" [stack: 0x000000917df00000,0x000000917e000000] [id=11508]
  0x00000223418fd420 ConcurrentGCThread "G1 Main Marker" [stack: 0x000000917ce00000,0x000000917cf00000] [id=11204]
  0x00000223418fdd50 ConcurrentGCThread "G1 Conc#0" [stack: 0x000000917cf00000,0x000000917d000000] [id=128]
  0x0000022341945320 ConcurrentGCThread "G1 Refine#0" [stack: 0x000000917d000000,0x000000917d100000] [id=13372]
  0x00000223644cb770 ConcurrentGCThread "G1 Refine#1" [stack: 0x000000917f600000,0x000000917f700000] [id=7984]
  0x0000022341945c60 ConcurrentGCThread "G1 Service" [stack: 0x000000917d100000,0x000000917d200000] [id=11200]

Threads with active compile tasks:
C2 CompilerThread0   114351 9154   !   4       java.net.URLClassLoader::findClass (47 bytes)
C1 CompilerThread0   114351 9236   !   3       org.gradle.internal.serialize.kryo.KryoBackedDecoder::readSmallInt (16 bytes)
C2 CompilerThread1   114351 9024       4       org.objectweb.asm.ClassReader::readCode (5117 bytes)

VM state: not at safepoint (normal execution)

VM Mutex/Monitor currently owned by a thread:  ([mutex/lock_event])
[0x0000022341891820] Metaspace_lock - owner thread: 0x0000022361031260
[0x0000022341890e90] MethodData_lock - owner thread: 0x0000022361031260

Heap address: 0x0000000080000000, size: 2048 MB, Compressed Oops mode: 32-bit

CDS archive(s) not mapped
Compressed class space mapped at: 0x0000000100000000-0x0000000140000000, reserved size: 1073741824
Narrow klass base: 0x0000000000000000, Narrow klass shift: 3, Narrow klass range: 0x140000000

GC Precious Log:
 CPUs: 4 total, 4 available
 Memory: 8080M
 Large Page Support: Disabled
 NUMA Support: Disabled
 Compressed Oops: Enabled (32-bit)
 Heap Region Size: 1M
 Heap Min Capacity: 8M
 Heap Initial Capacity: 128M
 Heap Max Capacity: 2G
 Pre-touch: Disabled
 Parallel Workers: 4
 Concurrent Workers: 1
 Concurrent Refinement Workers: 4
 Periodic GC: Disabled

Heap:
 garbage-first heap   total 291840K, used 234707K [0x0000000080000000, 0x0000000100000000)
  region size 1024K, 148 young (151552K), 5 survivors (5120K)
 Metaspace       used 68860K, committed 69440K, reserved 1114112K
  class space    used 9413K, committed 9664K, reserved 1048576K

Heap Regions: E=young(eden), S=young(survivor), O=old, HS=humongous(starts), HC=humongous(continues), CS=collection set, F=free, OA=open archive, CA=closed archive, TAMS=top-at-mark-start (previous, next)
|   0|0x0000000080000000, 0x0000000080100000, 0x0000000080100000|100%|HS|  |TAMS 0x0000000080100000, 0x0000000080000000| Complete 
|   1|0x0000000080100000, 0x0000000080200000, 0x0000000080200000|100%|HC|  |TAMS 0x0000000080200000, 0x0000000080100000| Complete 
|   2|0x0000000080200000, 0x0000000080300000, 0x0000000080300000|100%|HC|  |TAMS 0x0000000080300000, 0x0000000080200000| Complete 
|   3|0x0000000080300000, 0x0000000080400000, 0x0000000080400000|100%|HC|  |TAMS 0x0000000080400000, 0x0000000080300000| Complete 
|   4|0x0000000080400000, 0x0000000080500000, 0x0000000080500000|100%| O|  |TAMS 0x0000000080500000, 0x0000000080400000| Untracked 
|   5|0x0000000080500000, 0x0000000080600000, 0x0000000080600000|100%| O|  |TAMS 0x0000000080600000, 0x0000000080500000| Untracked 
|   6|0x0000000080600000, 0x0000000080700000, 0x0000000080700000|100%| O|  |TAMS 0x0000000080700000, 0x0000000080600000| Untracked 
|   7|0x0000000080700000, 0x0000000080800000, 0x0000000080800000|100%| O|  |TAMS 0x0000000080800000, 0x0000000080700000| Untracked 
|   8|0x0000000080800000, 0x0000000080900000, 0x0000000080900000|100%| O|  |TAMS 0x0000000080900000, 0x0000000080800000| Untracked 
|   9|0x0000000080900000, 0x0000000080a00000, 0x0000000080a00000|100%| O|  |TAMS 0x0000000080a00000, 0x0000000080900000| Untracked 
|  10|0x0000000080a00000, 0x0000000080aa9200, 0x0000000080b00000| 66%| O|  |TAMS 0x0000000080aa9200, 0x0000000080a00000| Untracked 
|  11|0x0000000080b00000, 0x0000000080c00000, 0x0000000080c00000|100%| O|  |TAMS 0x0000000080c00000, 0x0000000080b00000| Untracked 
|  12|0x0000000080c00000, 0x0000000080d00000, 0x0000000080d00000|100%| O|  |TAMS 0x0000000080d00000, 0x0000000080c00000| Untracked 
|  13|0x0000000080d00000, 0x0000000080e00000, 0x0000000080e00000|100%| O|  |TAMS 0x0000000080e00000, 0x0000000080d00000| Untracked 
|  14|0x0000000080e00000, 0x0000000080f00000, 0x0000000080f00000|100%| O|  |TAMS 0x0000000080f00000, 0x0000000080e00000| Untracked 
|  15|0x0000000080f00000, 0x0000000081000000, 0x0000000081000000|100%| O|  |TAMS 0x0000000081000000, 0x0000000080f00000| Untracked 
|  16|0x0000000081000000, 0x0000000081100000, 0x0000000081100000|100%| O|  |TAMS 0x0000000081100000, 0x0000000081000000| Untracked 
|  17|0x0000000081100000, 0x0000000081200000, 0x0000000081200000|100%| O|  |TAMS 0x0000000081200000, 0x0000000081100000| Untracked 
|  18|0x0000000081200000, 0x0000000081300000, 0x0000000081300000|100%| O|  |TAMS 0x0000000081300000, 0x0000000081200000| Untracked 
|  19|0x0000000081300000, 0x0000000081400000, 0x0000000081400000|100%|HS|  |TAMS 0x0000000081400000, 0x0000000081300000| Complete 
|  20|0x0000000081400000, 0x0000000081500000, 0x0000000081500000|100%|HC|  |TAMS 0x0000000081500000, 0x0000000081400000| Complete 
|  21|0x0000000081500000, 0x0000000081600000, 0x0000000081600000|100%|HC|  |TAMS 0x0000000081600000, 0x0000000081500000| Complete 
|  22|0x0000000081600000, 0x0000000081700000, 0x0000000081700000|100%|HC|  |TAMS 0x0000000081700000, 0x0000000081600000| Complete 
|  23|0x0000000081700000, 0x0000000081800000, 0x0000000081800000|100%|HC|  |TAMS 0x0000000081800000, 0x0000000081700000| Complete 
|  24|0x0000000081800000, 0x0000000081900000, 0x0000000081900000|100%|HS|  |TAMS 0x0000000081900000, 0x0000000081800000| Complete 
|  25|0x0000000081900000, 0x0000000081a00000, 0x0000000081a00000|100%|HC|  |TAMS 0x0000000081a00000, 0x0000000081900000| Complete 
|  26|0x0000000081a00000, 0x0000000081b00000, 0x0000000081b00000|100%|HC|  |TAMS 0x0000000081b00000, 0x0000000081a00000| Complete 
|  27|0x0000000081b00000, 0x0000000081c00000, 0x0000000081c00000|100%|HS|  |TAMS 0x0000000081c00000, 0x0000000081b00000| Complete 
|  28|0x0000000081c00000, 0x0000000081d00000, 0x0000000081d00000|100%|HC|  |TAMS 0x0000000081d00000, 0x0000000081c00000| Complete 
|  29|0x0000000081d00000, 0x0000000081e00000, 0x0000000081e00000|100%|HC|  |TAMS 0x0000000081e00000, 0x0000000081d00000| Complete 
|  30|0x0000000081e00000, 0x0000000081f00000, 0x0000000081f00000|100%|HS|  |TAMS 0x0000000081f00000, 0x0000000081e00000| Complete 
|  31|0x0000000081f00000, 0x0000000082000000, 0x0000000082000000|100%| O|  |TAMS 0x0000000082000000, 0x0000000081f00000| Untracked 
|  32|0x0000000082000000, 0x0000000082100000, 0x0000000082100000|100%| O|  |TAMS 0x0000000082100000, 0x0000000082000000| Untracked 
|  33|0x0000000082100000, 0x0000000082200000, 0x0000000082200000|100%| O|  |TAMS 0x0000000082200000, 0x0000000082100000| Untracked 
|  34|0x0000000082200000, 0x0000000082300000, 0x0000000082300000|100%| O|  |TAMS 0x0000000082300000, 0x0000000082200000| Untracked 
|  35|0x0000000082300000, 0x0000000082400000, 0x0000000082400000|100%| O|  |TAMS 0x0000000082400000, 0x0000000082300000| Untracked 
|  36|0x0000000082400000, 0x0000000082500000, 0x0000000082500000|100%| O|  |TAMS 0x0000000082500000, 0x0000000082400000| Untracked 
|  37|0x0000000082500000, 0x0000000082600000, 0x0000000082600000|100%| O|  |TAMS 0x0000000082600000, 0x0000000082500000| Untracked 
|  38|0x0000000082600000, 0x0000000082700000, 0x0000000082700000|100%| O|  |TAMS 0x0000000082700000, 0x0000000082600000| Untracked 
|  39|0x0000000082700000, 0x0000000082800000, 0x0000000082800000|100%| O|  |TAMS 0x0000000082800000, 0x0000000082700000| Untracked 
|  40|0x0000000082800000, 0x0000000082900000, 0x0000000082900000|100%| O|  |TAMS 0x0000000082900000, 0x0000000082800000| Untracked 
|  41|0x0000000082900000, 0x0000000082a00000, 0x0000000082a00000|100%| O|  |TAMS 0x0000000082a00000, 0x0000000082900000| Untracked 
|  42|0x0000000082a00000, 0x0000000082b00000, 0x0000000082b00000|100%| O|  |TAMS 0x0000000082b00000, 0x0000000082a00000| Untracked 
|  43|0x0000000082b00000, 0x0000000082c00000, 0x0000000082c00000|100%| O|  |TAMS 0x0000000082c00000, 0x0000000082b00000| Untracked 
|  44|0x0000000082c00000, 0x0000000082d00000, 0x0000000082d00000|100%| O|  |TAMS 0x0000000082d00000, 0x0000000082c00000| Untracked 
|  45|0x0000000082d00000, 0x0000000082e00000, 0x0000000082e00000|100%| O|  |TAMS 0x0000000082e00000, 0x0000000082d00000| Untracked 
|  46|0x0000000082e00000, 0x0000000082f00000, 0x0000000082f00000|100%| O|  |TAMS 0x0000000082f00000, 0x0000000082e00000| Untracked 
|  47|0x0000000082f00000, 0x0000000083000000, 0x0000000083000000|100%| O|  |TAMS 0x0000000083000000, 0x0000000082f00000| Untracked 
|  48|0x0000000083000000, 0x0000000083100000, 0x0000000083100000|100%|HS|  |TAMS 0x0000000083000000, 0x0000000083000000| Complete 
|  49|0x0000000083100000, 0x0000000083200000, 0x0000000083200000|100%|HC|  |TAMS 0x0000000083100000, 0x0000000083100000| Complete 
|  50|0x0000000083200000, 0x0000000083300000, 0x0000000083300000|100%|HC|  |TAMS 0x0000000083200000, 0x0000000083200000| Complete 
|  51|0x0000000083300000, 0x0000000083400000, 0x0000000083400000|100%| O|  |TAMS 0x0000000083400000, 0x0000000083300000| Untracked 
|  52|0x0000000083400000, 0x0000000083500000, 0x0000000083500000|100%| O|  |TAMS 0x0000000083500000, 0x0000000083400000| Untracked 
|  53|0x0000000083500000, 0x0000000083600000, 0x0000000083600000|100%| O|  |TAMS 0x0000000083600000, 0x0000000083500000| Untracked 
|  54|0x0000000083600000, 0x0000000083700000, 0x0000000083700000|100%| O|  |TAMS 0x000000008364ca00, 0x0000000083600000| Untracked 
|  55|0x0000000083700000, 0x0000000083800000, 0x0000000083800000|100%| O|  |TAMS 0x0000000083800000, 0x0000000083700000| Untracked 
|  56|0x0000000083800000, 0x0000000083900000, 0x0000000083900000|100%| O|  |TAMS 0x0000000083800000, 0x0000000083800000| Untracked 
|  57|0x0000000083900000, 0x0000000083a00000, 0x0000000083a00000|100%| O|  |TAMS 0x0000000083900000, 0x0000000083900000| Untracked 
|  58|0x0000000083a00000, 0x0000000083b00000, 0x0000000083b00000|100%|HS|  |TAMS 0x0000000083a00000, 0x0000000083a00000| Complete 
|  59|0x0000000083b00000, 0x0000000083c00000, 0x0000000083c00000|100%|HC|  |TAMS 0x0000000083b00000, 0x0000000083b00000| Complete 
|  60|0x0000000083c00000, 0x0000000083d00000, 0x0000000083d00000|100%|HC|  |TAMS 0x0000000083c00000, 0x0000000083c00000| Complete 
|  61|0x0000000083d00000, 0x0000000083e00000, 0x0000000083e00000|100%|HC|  |TAMS 0x0000000083d00000, 0x0000000083d00000| Complete 
|  62|0x0000000083e00000, 0x0000000083f00000, 0x0000000083f00000|100%|HC|  |TAMS 0x0000000083e00000, 0x0000000083e00000| Complete 
|  63|0x0000000083f00000, 0x0000000084000000, 0x0000000084000000|100%| O|  |TAMS 0x0000000083f00000, 0x0000000083f00000| Untracked 
|  64|0x0000000084000000, 0x0000000084100000, 0x0000000084100000|100%| O|  |TAMS 0x0000000084000000, 0x0000000084000000| Untracked 
|  65|0x0000000084100000, 0x0000000084200000, 0x0000000084200000|100%| O|  |TAMS 0x0000000084100000, 0x0000000084100000| Untracked 
|  66|0x0000000084200000, 0x0000000084300000, 0x0000000084300000|100%| O|  |TAMS 0x0000000084200000, 0x0000000084200000| Untracked 
|  67|0x0000000084300000, 0x0000000084400000, 0x0000000084400000|100%| O|  |TAMS 0x0000000084300000, 0x0000000084300000| Untracked 
|  68|0x0000000084400000, 0x0000000084500000, 0x0000000084500000|100%| O|  |TAMS 0x0000000084400000, 0x0000000084400000| Untracked 
|  69|0x0000000084500000, 0x0000000084600000, 0x0000000084600000|100%| O|  |TAMS 0x0000000084500000, 0x0000000084500000| Untracked 
|  70|0x0000000084600000, 0x0000000084700000, 0x0000000084700000|100%| O|  |TAMS 0x0000000084600000, 0x0000000084600000| Untracked 
|  71|0x0000000084700000, 0x0000000084800000, 0x0000000084800000|100%| O|  |TAMS 0x0000000084700000, 0x0000000084700000| Untracked 
|  72|0x0000000084800000, 0x0000000084900000, 0x0000000084900000|100%| O|  |TAMS 0x0000000084800000, 0x0000000084800000| Untracked 
|  73|0x0000000084900000, 0x0000000084a00000, 0x0000000084a00000|100%| O|  |TAMS 0x0000000084900000, 0x0000000084900000| Untracked 
|  74|0x0000000084a00000, 0x0000000084b00000, 0x0000000084b00000|100%| O|  |TAMS 0x0000000084a00000, 0x0000000084a00000| Untracked 
|  75|0x0000000084b00000, 0x0000000084c00000, 0x0000000084c00000|100%| O|  |TAMS 0x0000000084b00000, 0x0000000084b00000| Untracked 
|  76|0x0000000084c00000, 0x0000000084c8bc00, 0x0000000084d00000| 54%| O|  |TAMS 0x0000000084c00000, 0x0000000084c00000| Untracked 
|  77|0x0000000084d00000, 0x0000000084e00000, 0x0000000084e00000|100%|HS|  |TAMS 0x0000000084d00000, 0x0000000084d00000| Complete 
|  78|0x0000000084e00000, 0x0000000084f00000, 0x0000000084f00000|100%|HC|  |TAMS 0x0000000084e00000, 0x0000000084e00000| Complete 
|  79|0x0000000084f00000, 0x0000000085000000, 0x0000000085000000|100%|HC|  |TAMS 0x0000000084f00000, 0x0000000084f00000| Complete 
|  80|0x0000000085000000, 0x0000000085100000, 0x0000000085100000|100%|HC|  |TAMS 0x0000000085000000, 0x0000000085000000| Complete 
|  81|0x0000000085100000, 0x0000000085200000, 0x0000000085200000|100%|HC|  |TAMS 0x0000000085100000, 0x0000000085100000| Complete 
|  82|0x0000000085200000, 0x0000000085300000, 0x0000000085300000|100%|HS|  |TAMS 0x0000000085200000, 0x0000000085200000| Complete 
|  83|0x0000000085300000, 0x0000000085400000, 0x0000000085400000|100%|HS|  |TAMS 0x0000000085300000, 0x0000000085300000| Complete 
|  84|0x0000000085400000, 0x0000000085400000, 0x0000000085500000|  0%| F|  |TAMS 0x0000000085400000, 0x0000000085400000| Untracked 
|  85|0x0000000085500000, 0x0000000085500000, 0x0000000085600000|  0%| F|  |TAMS 0x0000000085500000, 0x0000000085500000| Untracked 
|  86|0x0000000085600000, 0x0000000085600000, 0x0000000085700000|  0%| F|  |TAMS 0x0000000085600000, 0x0000000085600000| Untracked 
|  87|0x0000000085700000, 0x0000000085700000, 0x0000000085800000|  0%| F|  |TAMS 0x0000000085700000, 0x0000000085700000| Untracked 
|  88|0x0000000085800000, 0x0000000085800000, 0x0000000085900000|  0%| F|  |TAMS 0x0000000085800000, 0x0000000085800000| Untracked 
|  89|0x0000000085900000, 0x0000000085900000, 0x0000000085a00000|  0%| F|  |TAMS 0x0000000085900000, 0x0000000085900000| Untracked 
|  90|0x0000000085a00000, 0x0000000085a00000, 0x0000000085b00000|  0%| F|  |TAMS 0x0000000085a00000, 0x0000000085a00000| Untracked 
|  91|0x0000000085b00000, 0x0000000085b00000, 0x0000000085c00000|  0%| F|  |TAMS 0x0000000085b00000, 0x0000000085b00000| Untracked 
|  92|0x0000000085c00000, 0x0000000085c00000, 0x0000000085d00000|  0%| F|  |TAMS 0x0000000085c00000, 0x0000000085c00000| Untracked 
|  93|0x0000000085d00000, 0x0000000085d00000, 0x0000000085e00000|  0%| F|  |TAMS 0x0000000085d00000, 0x0000000085d00000| Untracked 
|  94|0x0000000085e00000, 0x0000000085e00000, 0x0000000085f00000|  0%| F|  |TAMS 0x0000000085e00000, 0x0000000085e00000| Untracked 
|  95|0x0000000085f00000, 0x0000000085f00000, 0x0000000086000000|  0%| F|  |TAMS 0x0000000085f00000, 0x0000000085f00000| Untracked 
|  96|0x0000000086000000, 0x0000000086000000, 0x0000000086100000|  0%| F|  |TAMS 0x0000000086000000, 0x0000000086000000| Untracked 
|  97|0x0000000086100000, 0x0000000086100000, 0x0000000086200000|  0%| F|  |TAMS 0x0000000086100000, 0x0000000086100000| Untracked 
|  98|0x0000000086200000, 0x0000000086200000, 0x0000000086300000|  0%| F|  |TAMS 0x0000000086200000, 0x0000000086200000| Untracked 
|  99|0x0000000086300000, 0x0000000086300000, 0x0000000086400000|  0%| F|  |TAMS 0x0000000086300000, 0x0000000086300000| Untracked 
| 100|0x0000000086400000, 0x0000000086400000, 0x0000000086500000|  0%| F|  |TAMS 0x0000000086400000, 0x0000000086400000| Untracked 
| 101|0x0000000086500000, 0x0000000086500000, 0x0000000086600000|  0%| F|  |TAMS 0x0000000086500000, 0x0000000086500000| Untracked 
| 102|0x0000000086600000, 0x0000000086600000, 0x0000000086700000|  0%| F|  |TAMS 0x0000000086600000, 0x0000000086600000| Untracked 
| 103|0x0000000086700000, 0x0000000086700000, 0x0000000086800000|  0%| F|  |TAMS 0x0000000086700000, 0x0000000086700000| Untracked 
| 104|0x0000000086800000, 0x0000000086800000, 0x0000000086900000|  0%| F|  |TAMS 0x0000000086800000, 0x0000000086800000| Untracked 
| 105|0x0000000086900000, 0x0000000086900000, 0x0000000086a00000|  0%| F|  |TAMS 0x0000000086900000, 0x0000000086900000| Untracked 
| 106|0x0000000086a00000, 0x0000000086a00000, 0x0000000086b00000|  0%| F|  |TAMS 0x0000000086a00000, 0x0000000086a00000| Untracked 
| 107|0x0000000086b00000, 0x0000000086b00000, 0x0000000086c00000|  0%| F|  |TAMS 0x0000000086b00000, 0x0000000086b00000| Untracked 
| 108|0x0000000086c00000, 0x0000000086c00000, 0x0000000086d00000|  0%| F|  |TAMS 0x0000000086c00000, 0x0000000086c00000| Untracked 
| 109|0x0000000086d00000, 0x0000000086d00000, 0x0000000086e00000|  0%| F|  |TAMS 0x0000000086d00000, 0x0000000086d00000| Untracked 
| 110|0x0000000086e00000, 0x0000000086e00000, 0x0000000086f00000|  0%| F|  |TAMS 0x0000000086e00000, 0x0000000086e00000| Untracked 
| 111|0x0000000086f00000, 0x0000000086f00000, 0x0000000087000000|  0%| F|  |TAMS 0x0000000086f00000, 0x0000000086f00000| Untracked 
| 112|0x0000000087000000, 0x0000000087000000, 0x0000000087100000|  0%| F|  |TAMS 0x0000000087000000, 0x0000000087000000| Untracked 
| 113|0x0000000087100000, 0x0000000087100000, 0x0000000087200000|  0%| F|  |TAMS 0x0000000087100000, 0x0000000087100000| Untracked 
| 114|0x0000000087200000, 0x0000000087200000, 0x0000000087300000|  0%| F|  |TAMS 0x0000000087200000, 0x0000000087200000| Untracked 
| 115|0x0000000087300000, 0x0000000087300000, 0x0000000087400000|  0%| F|  |TAMS 0x0000000087300000, 0x0000000087300000| Untracked 
| 116|0x0000000087400000, 0x0000000087400000, 0x0000000087500000|  0%| F|  |TAMS 0x0000000087400000, 0x0000000087400000| Untracked 
| 117|0x0000000087500000, 0x0000000087500000, 0x0000000087600000|  0%| F|  |TAMS 0x0000000087500000, 0x0000000087500000| Untracked 
| 118|0x0000000087600000, 0x0000000087600000, 0x0000000087700000|  0%| F|  |TAMS 0x0000000087600000, 0x0000000087600000| Untracked 
| 119|0x0000000087700000, 0x0000000087800000, 0x0000000087800000|100%| S|CS|TAMS 0x0000000087700000, 0x0000000087700000| Complete 
| 120|0x0000000087800000, 0x0000000087900000, 0x0000000087900000|100%| S|CS|TAMS 0x0000000087800000, 0x0000000087800000| Complete 
| 121|0x0000000087900000, 0x0000000087a00000, 0x0000000087a00000|100%| S|CS|TAMS 0x0000000087900000, 0x0000000087900000| Complete 
| 122|0x0000000087a00000, 0x0000000087b00000, 0x0000000087b00000|100%| S|CS|TAMS 0x0000000087a00000, 0x0000000087a00000| Complete 
| 123|0x0000000087b00000, 0x0000000087c00000, 0x0000000087c00000|100%| S|CS|TAMS 0x0000000087b00000, 0x0000000087b00000| Complete 
| 124|0x0000000087c00000, 0x0000000087c00000, 0x0000000087d00000|  0%| F|  |TAMS 0x0000000087c00000, 0x0000000087c00000| Untracked 
| 125|0x0000000087d00000, 0x0000000087d00000, 0x0000000087e00000|  0%| F|  |TAMS 0x0000000087d00000, 0x0000000087d00000| Untracked 
| 126|0x0000000087e00000, 0x0000000087e00000, 0x0000000087f00000|  0%| F|  |TAMS 0x0000000087e00000, 0x0000000087e00000| Untracked 
| 127|0x0000000087f00000, 0x0000000087f00000, 0x0000000088000000|  0%| F|  |TAMS 0x0000000087f00000, 0x0000000087f00000| Untracked 
| 128|0x0000000088000000, 0x0000000088000000, 0x0000000088100000|  0%| F|  |TAMS 0x0000000088000000, 0x0000000088000000| Untracked 
| 129|0x0000000088100000, 0x0000000088100000, 0x0000000088200000|  0%| F|  |TAMS 0x0000000088100000, 0x0000000088100000| Untracked 
| 130|0x0000000088200000, 0x0000000088200000, 0x0000000088300000|  0%| F|  |TAMS 0x0000000088200000, 0x0000000088200000| Untracked 
| 131|0x0000000088300000, 0x0000000088300000, 0x0000000088400000|  0%| F|  |TAMS 0x0000000088300000, 0x0000000088300000| Untracked 
| 132|0x0000000088400000, 0x0000000088400000, 0x0000000088500000|  0%| F|  |TAMS 0x0000000088400000, 0x0000000088400000| Untracked 
| 133|0x0000000088500000, 0x0000000088500000, 0x0000000088600000|  0%| F|  |TAMS 0x0000000088500000, 0x0000000088500000| Untracked 
| 134|0x0000000088600000, 0x0000000088600000, 0x0000000088700000|  0%| F|  |TAMS 0x0000000088600000, 0x0000000088600000| Untracked 
| 135|0x0000000088700000, 0x0000000088700000, 0x0000000088800000|  0%| F|  |TAMS 0x0000000088700000, 0x0000000088700000| Untracked 
| 136|0x0000000088800000, 0x0000000088800000, 0x0000000088900000|  0%| F|  |TAMS 0x0000000088800000, 0x0000000088800000| Untracked 
| 137|0x0000000088900000, 0x0000000088900000, 0x0000000088a00000|  0%| F|  |TAMS 0x0000000088900000, 0x0000000088900000| Untracked 
| 138|0x0000000088a00000, 0x0000000088a00000, 0x0000000088b00000|  0%| F|  |TAMS 0x0000000088a00000, 0x0000000088a00000| Untracked 
| 139|0x0000000088b00000, 0x0000000088b00000, 0x0000000088c00000|  0%| F|  |TAMS 0x0000000088b00000, 0x0000000088b00000| Untracked 
| 140|0x0000000088c00000, 0x0000000088c00000, 0x0000000088d00000|  0%| F|  |TAMS 0x0000000088c00000, 0x0000000088c00000| Untracked 
| 141|0x0000000088d00000, 0x0000000088d00000, 0x0000000088e00000|  0%| F|  |TAMS 0x0000000088d00000, 0x0000000088d00000| Untracked 
| 142|0x0000000088e00000, 0x0000000088f00000, 0x0000000088f00000|100%| E|  |TAMS 0x0000000088e00000, 0x0000000088e00000| Complete 
| 143|0x0000000088f00000, 0x0000000089000000, 0x0000000089000000|100%| E|CS|TAMS 0x0000000088f00000, 0x0000000088f00000| Complete 
| 144|0x0000000089000000, 0x0000000089100000, 0x0000000089100000|100%| E|CS|TAMS 0x0000000089000000, 0x0000000089000000| Complete 
| 145|0x0000000089100000, 0x0000000089200000, 0x0000000089200000|100%| E|CS|TAMS 0x0000000089100000, 0x0000000089100000| Complete 
| 146|0x0000000089200000, 0x0000000089300000, 0x0000000089300000|100%| E|CS|TAMS 0x0000000089200000, 0x0000000089200000| Complete 
| 147|0x0000000089300000, 0x0000000089400000, 0x0000000089400000|100%| E|CS|TAMS 0x0000000089300000, 0x0000000089300000| Complete 
| 148|0x0000000089400000, 0x0000000089500000, 0x0000000089500000|100%| E|CS|TAMS 0x0000000089400000, 0x0000000089400000| Complete 
| 149|0x0000000089500000, 0x0000000089600000, 0x0000000089600000|100%| E|CS|TAMS 0x0000000089500000, 0x0000000089500000| Complete 
| 150|0x0000000089600000, 0x0000000089700000, 0x0000000089700000|100%| E|CS|TAMS 0x0000000089600000, 0x0000000089600000| Complete 
| 151|0x0000000089700000, 0x0000000089800000, 0x0000000089800000|100%| E|CS|TAMS 0x0000000089700000, 0x0000000089700000| Complete 
| 152|0x0000000089800000, 0x0000000089900000, 0x0000000089900000|100%| E|CS|TAMS 0x0000000089800000, 0x0000000089800000| Complete 
| 153|0x0000000089900000, 0x0000000089a00000, 0x0000000089a00000|100%| E|CS|TAMS 0x0000000089900000, 0x0000000089900000| Complete 
| 154|0x0000000089a00000, 0x0000000089b00000, 0x0000000089b00000|100%| E|CS|TAMS 0x0000000089a00000, 0x0000000089a00000| Complete 
| 155|0x0000000089b00000, 0x0000000089c00000, 0x0000000089c00000|100%| E|CS|TAMS 0x0000000089b00000, 0x0000000089b00000| Complete 
| 156|0x0000000089c00000, 0x0000000089d00000, 0x0000000089d00000|100%| E|CS|TAMS 0x0000000089c00000, 0x0000000089c00000| Complete 
| 157|0x0000000089d00000, 0x0000000089e00000, 0x0000000089e00000|100%| E|CS|TAMS 0x0000000089d00000, 0x0000000089d00000| Complete 
| 158|0x0000000089e00000, 0x0000000089f00000, 0x0000000089f00000|100%| E|CS|TAMS 0x0000000089e00000, 0x0000000089e00000| Complete 
| 159|0x0000000089f00000, 0x000000008a000000, 0x000000008a000000|100%| E|CS|TAMS 0x0000000089f00000, 0x0000000089f00000| Complete 
| 160|0x000000008a000000, 0x000000008a100000, 0x000000008a100000|100%| E|CS|TAMS 0x000000008a000000, 0x000000008a000000| Complete 
| 161|0x000000008a100000, 0x000000008a200000, 0x000000008a200000|100%| E|CS|TAMS 0x000000008a100000, 0x000000008a100000| Complete 
| 162|0x000000008a200000, 0x000000008a300000, 0x000000008a300000|100%| E|CS|TAMS 0x000000008a200000, 0x000000008a200000| Complete 
| 163|0x000000008a300000, 0x000000008a400000, 0x000000008a400000|100%| E|CS|TAMS 0x000000008a300000, 0x000000008a300000| Complete 
| 164|0x000000008a400000, 0x000000008a500000, 0x000000008a500000|100%| E|CS|TAMS 0x000000008a400000, 0x000000008a400000| Complete 
| 165|0x000000008a500000, 0x000000008a600000, 0x000000008a600000|100%| E|CS|TAMS 0x000000008a500000, 0x000000008a500000| Complete 
| 166|0x000000008a600000, 0x000000008a700000, 0x000000008a700000|100%| E|CS|TAMS 0x000000008a600000, 0x000000008a600000| Complete 
| 167|0x000000008a700000, 0x000000008a800000, 0x000000008a800000|100%| E|CS|TAMS 0x000000008a700000, 0x000000008a700000| Complete 
| 168|0x000000008a800000, 0x000000008a900000, 0x000000008a900000|100%| E|CS|TAMS 0x000000008a800000, 0x000000008a800000| Complete 
| 169|0x000000008a900000, 0x000000008aa00000, 0x000000008aa00000|100%| E|CS|TAMS 0x000000008a900000, 0x000000008a900000| Complete 
| 170|0x000000008aa00000, 0x000000008ab00000, 0x000000008ab00000|100%| E|CS|TAMS 0x000000008aa00000, 0x000000008aa00000| Complete 
| 171|0x000000008ab00000, 0x000000008ac00000, 0x000000008ac00000|100%| E|CS|TAMS 0x000000008ab00000, 0x000000008ab00000| Complete 
| 172|0x000000008ac00000, 0x000000008ad00000, 0x000000008ad00000|100%| E|CS|TAMS 0x000000008ac00000, 0x000000008ac00000| Complete 
| 173|0x000000008ad00000, 0x000000008ae00000, 0x000000008ae00000|100%| E|CS|TAMS 0x000000008ad00000, 0x000000008ad00000| Complete 
| 174|0x000000008ae00000, 0x000000008af00000, 0x000000008af00000|100%| E|CS|TAMS 0x000000008ae00000, 0x000000008ae00000| Complete 
| 175|0x000000008af00000, 0x000000008b000000, 0x000000008b000000|100%| E|CS|TAMS 0x000000008af00000, 0x000000008af00000| Complete 
| 176|0x000000008b000000, 0x000000008b100000, 0x000000008b100000|100%| E|CS|TAMS 0x000000008b000000, 0x000000008b000000| Complete 
| 177|0x000000008b100000, 0x000000008b200000, 0x000000008b200000|100%| E|CS|TAMS 0x000000008b100000, 0x000000008b100000| Complete 
| 178|0x000000008b200000, 0x000000008b300000, 0x000000008b300000|100%| E|CS|TAMS 0x000000008b200000, 0x000000008b200000| Complete 
| 179|0x000000008b300000, 0x000000008b400000, 0x000000008b400000|100%| E|CS|TAMS 0x000000008b300000, 0x000000008b300000| Complete 
| 180|0x000000008b400000, 0x000000008b500000, 0x000000008b500000|100%| E|CS|TAMS 0x000000008b400000, 0x000000008b400000| Complete 
| 181|0x000000008b500000, 0x000000008b600000, 0x000000008b600000|100%| E|CS|TAMS 0x000000008b500000, 0x000000008b500000| Complete 
| 182|0x000000008b600000, 0x000000008b700000, 0x000000008b700000|100%| E|CS|TAMS 0x000000008b600000, 0x000000008b600000| Complete 
| 183|0x000000008b700000, 0x000000008b800000, 0x000000008b800000|100%| E|CS|TAMS 0x000000008b700000, 0x000000008b700000| Complete 
| 184|0x000000008b800000, 0x000000008b900000, 0x000000008b900000|100%| E|CS|TAMS 0x000000008b800000, 0x000000008b800000| Complete 
| 185|0x000000008b900000, 0x000000008ba00000, 0x000000008ba00000|100%| E|CS|TAMS 0x000000008b900000, 0x000000008b900000| Complete 
| 186|0x000000008ba00000, 0x000000008bb00000, 0x000000008bb00000|100%| E|CS|TAMS 0x000000008ba00000, 0x000000008ba00000| Complete 
| 187|0x000000008bb00000, 0x000000008bc00000, 0x000000008bc00000|100%| E|CS|TAMS 0x000000008bb00000, 0x000000008bb00000| Complete 
| 188|0x000000008bc00000, 0x000000008bd00000, 0x000000008bd00000|100%| E|CS|TAMS 0x000000008bc00000, 0x000000008bc00000| Complete 
| 189|0x000000008bd00000, 0x000000008be00000, 0x000000008be00000|100%| E|CS|TAMS 0x000000008bd00000, 0x000000008bd00000| Complete 
| 190|0x000000008be00000, 0x000000008bf00000, 0x000000008bf00000|100%| E|CS|TAMS 0x000000008be00000, 0x000000008be00000| Complete 
| 191|0x000000008bf00000, 0x000000008c000000, 0x000000008c000000|100%| E|CS|TAMS 0x000000008bf00000, 0x000000008bf00000| Complete 
| 192|0x000000008c000000, 0x000000008c100000, 0x000000008c100000|100%| E|CS|TAMS 0x000000008c000000, 0x000000008c000000| Complete 
| 193|0x000000008c100000, 0x000000008c200000, 0x000000008c200000|100%| E|CS|TAMS 0x000000008c100000, 0x000000008c100000| Complete 
| 194|0x000000008c200000, 0x000000008c300000, 0x000000008c300000|100%| E|CS|TAMS 0x000000008c200000, 0x000000008c200000| Complete 
| 195|0x000000008c300000, 0x000000008c400000, 0x000000008c400000|100%| E|CS|TAMS 0x000000008c300000, 0x000000008c300000| Complete 
| 196|0x000000008c400000, 0x000000008c500000, 0x000000008c500000|100%| E|CS|TAMS 0x000000008c400000, 0x000000008c400000| Complete 
| 197|0x000000008c500000, 0x000000008c600000, 0x000000008c600000|100%| E|CS|TAMS 0x000000008c500000, 0x000000008c500000| Complete 
| 198|0x000000008c600000, 0x000000008c700000, 0x000000008c700000|100%| E|CS|TAMS 0x000000008c600000, 0x000000008c600000| Complete 
| 199|0x000000008c700000, 0x000000008c800000, 0x000000008c800000|100%| E|CS|TAMS 0x000000008c700000, 0x000000008c700000| Complete 
| 200|0x000000008c800000, 0x000000008c900000, 0x000000008c900000|100%| E|CS|TAMS 0x000000008c800000, 0x000000008c800000| Complete 
| 201|0x000000008c900000, 0x000000008ca00000, 0x000000008ca00000|100%| E|CS|TAMS 0x000000008c900000, 0x000000008c900000| Complete 
| 202|0x000000008ca00000, 0x000000008cb00000, 0x000000008cb00000|100%| E|CS|TAMS 0x000000008ca00000, 0x000000008ca00000| Complete 
| 203|0x000000008cb00000, 0x000000008cc00000, 0x000000008cc00000|100%| E|CS|TAMS 0x000000008cb00000, 0x000000008cb00000| Complete 
| 204|0x000000008cc00000, 0x000000008cd00000, 0x000000008cd00000|100%| E|CS|TAMS 0x000000008cc00000, 0x000000008cc00000| Complete 
| 205|0x000000008cd00000, 0x000000008ce00000, 0x000000008ce00000|100%| E|CS|TAMS 0x000000008cd00000, 0x000000008cd00000| Complete 
| 206|0x000000008ce00000, 0x000000008cf00000, 0x000000008cf00000|100%| E|CS|TAMS 0x000000008ce00000, 0x000000008ce00000| Complete 
| 207|0x000000008cf00000, 0x000000008d000000, 0x000000008d000000|100%| E|CS|TAMS 0x000000008cf00000, 0x000000008cf00000| Complete 
| 208|0x000000008d000000, 0x000000008d100000, 0x000000008d100000|100%| E|CS|TAMS 0x000000008d000000, 0x000000008d000000| Complete 
| 209|0x000000008d100000, 0x000000008d200000, 0x000000008d200000|100%| E|CS|TAMS 0x000000008d100000, 0x000000008d100000| Complete 
| 210|0x000000008d200000, 0x000000008d300000, 0x000000008d300000|100%| E|CS|TAMS 0x000000008d200000, 0x000000008d200000| Complete 
| 211|0x000000008d300000, 0x000000008d400000, 0x000000008d400000|100%| E|CS|TAMS 0x000000008d300000, 0x000000008d300000| Complete 
| 212|0x000000008d400000, 0x000000008d500000, 0x000000008d500000|100%| E|CS|TAMS 0x000000008d400000, 0x000000008d400000| Complete 
| 213|0x000000008d500000, 0x000000008d600000, 0x000000008d600000|100%| E|CS|TAMS 0x000000008d500000, 0x000000008d500000| Complete 
| 214|0x000000008d600000, 0x000000008d700000, 0x000000008d700000|100%| E|CS|TAMS 0x000000008d600000, 0x000000008d600000| Complete 
| 215|0x000000008d700000, 0x000000008d800000, 0x000000008d800000|100%| E|CS|TAMS 0x000000008d700000, 0x000000008d700000| Complete 
| 216|0x000000008d800000, 0x000000008d900000, 0x000000008d900000|100%| E|CS|TAMS 0x000000008d800000, 0x000000008d800000| Complete 
| 217|0x000000008d900000, 0x000000008da00000, 0x000000008da00000|100%| E|CS|TAMS 0x000000008d900000, 0x000000008d900000| Complete 
| 218|0x000000008da00000, 0x000000008db00000, 0x000000008db00000|100%| E|CS|TAMS 0x000000008da00000, 0x000000008da00000| Complete 
| 219|0x000000008db00000, 0x000000008dc00000, 0x000000008dc00000|100%| E|CS|TAMS 0x000000008db00000, 0x000000008db00000| Complete 
| 220|0x000000008dc00000, 0x000000008dd00000, 0x000000008dd00000|100%| E|CS|TAMS 0x000000008dc00000, 0x000000008dc00000| Complete 
| 221|0x000000008dd00000, 0x000000008de00000, 0x000000008de00000|100%| E|CS|TAMS 0x000000008dd00000, 0x000000008dd00000| Complete 
| 222|0x000000008de00000, 0x000000008df00000, 0x000000008df00000|100%| E|CS|TAMS 0x000000008de00000, 0x000000008de00000| Complete 
| 223|0x000000008df00000, 0x000000008e000000, 0x000000008e000000|100%| E|CS|TAMS 0x000000008df00000, 0x000000008df00000| Complete 
| 224|0x000000008e000000, 0x000000008e100000, 0x000000008e100000|100%| E|CS|TAMS 0x000000008e000000, 0x000000008e000000| Complete 
| 225|0x000000008e100000, 0x000000008e200000, 0x000000008e200000|100%| E|CS|TAMS 0x000000008e100000, 0x000000008e100000| Complete 
| 226|0x000000008e200000, 0x000000008e300000, 0x000000008e300000|100%| E|CS|TAMS 0x000000008e200000, 0x000000008e200000| Complete 
| 227|0x000000008e300000, 0x000000008e400000, 0x000000008e400000|100%| E|CS|TAMS 0x000000008e300000, 0x000000008e300000| Complete 
| 228|0x000000008e400000, 0x000000008e500000, 0x000000008e500000|100%| E|CS|TAMS 0x000000008e400000, 0x000000008e400000| Complete 
| 229|0x000000008e500000, 0x000000008e600000, 0x000000008e600000|100%| E|CS|TAMS 0x000000008e500000, 0x000000008e500000| Complete 
| 230|0x000000008e600000, 0x000000008e700000, 0x000000008e700000|100%| E|CS|TAMS 0x000000008e600000, 0x000000008e600000| Complete 
| 231|0x000000008e700000, 0x000000008e800000, 0x000000008e800000|100%| E|CS|TAMS 0x000000008e700000, 0x000000008e700000| Complete 
| 232|0x000000008e800000, 0x000000008e900000, 0x000000008e900000|100%| E|CS|TAMS 0x000000008e800000, 0x000000008e800000| Complete 
| 233|0x000000008e900000, 0x000000008ea00000, 0x000000008ea00000|100%| E|CS|TAMS 0x000000008e900000, 0x000000008e900000| Complete 
| 234|0x000000008ea00000, 0x000000008eb00000, 0x000000008eb00000|100%| E|CS|TAMS 0x000000008ea00000, 0x000000008ea00000| Complete 
| 235|0x000000008eb00000, 0x000000008ec00000, 0x000000008ec00000|100%| E|CS|TAMS 0x000000008eb00000, 0x000000008eb00000| Complete 
| 236|0x000000008ec00000, 0x000000008ed00000, 0x000000008ed00000|100%| E|CS|TAMS 0x000000008ec00000, 0x000000008ec00000| Complete 
| 237|0x000000008ed00000, 0x000000008ee00000, 0x000000008ee00000|100%| E|CS|TAMS 0x000000008ed00000, 0x000000008ed00000| Complete 
| 238|0x000000008ee00000, 0x000000008ef00000, 0x000000008ef00000|100%| E|CS|TAMS 0x000000008ee00000, 0x000000008ee00000| Complete 
| 239|0x000000008ef00000, 0x000000008f000000, 0x000000008f000000|100%| E|CS|TAMS 0x000000008ef00000, 0x000000008ef00000| Complete 
| 240|0x000000008f000000, 0x000000008f100000, 0x000000008f100000|100%| E|CS|TAMS 0x000000008f000000, 0x000000008f000000| Complete 
| 241|0x000000008f100000, 0x000000008f200000, 0x000000008f200000|100%| E|  |TAMS 0x000000008f100000, 0x000000008f100000| Complete 
| 242|0x000000008f200000, 0x000000008f300000, 0x000000008f300000|100%| E|CS|TAMS 0x000000008f200000, 0x000000008f200000| Complete 
| 243|0x000000008f300000, 0x000000008f400000, 0x000000008f400000|100%| E|CS|TAMS 0x000000008f300000, 0x000000008f300000| Complete 
| 244|0x000000008f400000, 0x000000008f500000, 0x000000008f500000|100%| E|CS|TAMS 0x000000008f400000, 0x000000008f400000| Complete 
| 245|0x000000008f500000, 0x000000008f600000, 0x000000008f600000|100%| E|CS|TAMS 0x000000008f500000, 0x000000008f500000| Complete 
| 246|0x000000008f600000, 0x000000008f700000, 0x000000008f700000|100%| E|CS|TAMS 0x000000008f600000, 0x000000008f600000| Complete 
| 247|0x000000008f700000, 0x000000008f800000, 0x000000008f800000|100%| E|CS|TAMS 0x000000008f700000, 0x000000008f700000| Complete 
| 248|0x000000008f800000, 0x000000008f900000, 0x000000008f900000|100%| E|CS|TAMS 0x000000008f800000, 0x000000008f800000| Complete 
| 249|0x000000008f900000, 0x000000008fa00000, 0x000000008fa00000|100%| E|CS|TAMS 0x000000008f900000, 0x000000008f900000| Complete 
| 250|0x000000008fa00000, 0x000000008fb00000, 0x000000008fb00000|100%| E|CS|TAMS 0x000000008fa00000, 0x000000008fa00000| Complete 
| 251|0x000000008fb00000, 0x000000008fc00000, 0x000000008fc00000|100%| E|CS|TAMS 0x000000008fb00000, 0x000000008fb00000| Complete 
| 252|0x000000008fc00000, 0x000000008fd00000, 0x000000008fd00000|100%| E|CS|TAMS 0x000000008fc00000, 0x000000008fc00000| Complete 
| 253|0x000000008fd00000, 0x000000008fe00000, 0x000000008fe00000|100%| E|CS|TAMS 0x000000008fd00000, 0x000000008fd00000| Complete 
| 254|0x000000008fe00000, 0x000000008ff00000, 0x000000008ff00000|100%| E|CS|TAMS 0x000000008fe00000, 0x000000008fe00000| Complete 
| 255|0x000000008ff00000, 0x0000000090000000, 0x0000000090000000|100%| E|CS|TAMS 0x000000008ff00000, 0x000000008ff00000| Complete 
| 256|0x0000000090000000, 0x0000000090100000, 0x0000000090100000|100%| E|CS|TAMS 0x0000000090000000, 0x0000000090000000| Complete 
| 257|0x0000000090100000, 0x0000000090200000, 0x0000000090200000|100%| E|CS|TAMS 0x0000000090100000, 0x0000000090100000| Complete 
| 258|0x0000000090200000, 0x0000000090300000, 0x0000000090300000|100%| E|CS|TAMS 0x0000000090200000, 0x0000000090200000| Complete 
| 259|0x0000000090300000, 0x0000000090400000, 0x0000000090400000|100%| E|CS|TAMS 0x0000000090300000, 0x0000000090300000| Complete 
| 260|0x0000000090400000, 0x0000000090500000, 0x0000000090500000|100%| E|CS|TAMS 0x0000000090400000, 0x0000000090400000| Complete 
| 261|0x0000000090500000, 0x0000000090600000, 0x0000000090600000|100%| E|CS|TAMS 0x0000000090500000, 0x0000000090500000| Complete 
| 262|0x0000000090600000, 0x0000000090700000, 0x0000000090700000|100%| E|CS|TAMS 0x0000000090600000, 0x0000000090600000| Complete 
| 263|0x0000000090700000, 0x0000000090800000, 0x0000000090800000|100%| E|CS|TAMS 0x0000000090700000, 0x0000000090700000| Complete 
| 264|0x0000000090800000, 0x0000000090900000, 0x0000000090900000|100%| E|CS|TAMS 0x0000000090800000, 0x0000000090800000| Complete 
| 265|0x0000000090900000, 0x0000000090a00000, 0x0000000090a00000|100%| E|CS|TAMS 0x0000000090900000, 0x0000000090900000| Complete 
| 266|0x0000000090a00000, 0x0000000090b00000, 0x0000000090b00000|100%| E|CS|TAMS 0x0000000090a00000, 0x0000000090a00000| Complete 
| 267|0x0000000090b00000, 0x0000000090c00000, 0x0000000090c00000|100%| E|CS|TAMS 0x0000000090b00000, 0x0000000090b00000| Complete 
| 268|0x0000000090c00000, 0x0000000090d00000, 0x0000000090d00000|100%| E|CS|TAMS 0x0000000090c00000, 0x0000000090c00000| Complete 
| 269|0x0000000090d00000, 0x0000000090e00000, 0x0000000090e00000|100%| E|CS|TAMS 0x0000000090d00000, 0x0000000090d00000| Complete 
| 270|0x0000000090e00000, 0x0000000090f00000, 0x0000000090f00000|100%| E|CS|TAMS 0x0000000090e00000, 0x0000000090e00000| Complete 
| 271|0x0000000090f00000, 0x0000000091000000, 0x0000000091000000|100%| E|CS|TAMS 0x0000000090f00000, 0x0000000090f00000| Complete 
| 272|0x0000000091000000, 0x0000000091100000, 0x0000000091100000|100%| E|CS|TAMS 0x0000000091000000, 0x0000000091000000| Complete 
| 273|0x0000000091100000, 0x0000000091200000, 0x0000000091200000|100%| E|CS|TAMS 0x0000000091100000, 0x0000000091100000| Complete 
| 274|0x0000000091200000, 0x0000000091300000, 0x0000000091300000|100%| E|CS|TAMS 0x0000000091200000, 0x0000000091200000| Complete 
| 275|0x0000000091300000, 0x0000000091400000, 0x0000000091400000|100%| E|CS|TAMS 0x0000000091300000, 0x0000000091300000| Complete 
| 276|0x0000000091400000, 0x0000000091500000, 0x0000000091500000|100%| E|CS|TAMS 0x0000000091400000, 0x0000000091400000| Complete 
| 277|0x0000000091500000, 0x0000000091600000, 0x0000000091600000|100%| E|CS|TAMS 0x0000000091500000, 0x0000000091500000| Complete 
| 278|0x0000000091600000, 0x0000000091700000, 0x0000000091700000|100%| E|CS|TAMS 0x0000000091600000, 0x0000000091600000| Complete 
| 279|0x0000000091700000, 0x0000000091800000, 0x0000000091800000|100%| E|CS|TAMS 0x0000000091700000, 0x0000000091700000| Complete 
| 280|0x0000000091800000, 0x0000000091900000, 0x0000000091900000|100%| E|CS|TAMS 0x0000000091800000, 0x0000000091800000| Complete 
| 281|0x0000000091900000, 0x0000000091a00000, 0x0000000091a00000|100%| E|CS|TAMS 0x0000000091900000, 0x0000000091900000| Complete 
| 282|0x0000000091a00000, 0x0000000091b00000, 0x0000000091b00000|100%| E|CS|TAMS 0x0000000091a00000, 0x0000000091a00000| Complete 
| 283|0x0000000091b00000, 0x0000000091c00000, 0x0000000091c00000|100%| E|CS|TAMS 0x0000000091b00000, 0x0000000091b00000| Complete 
| 284|0x0000000091c00000, 0x0000000091d00000, 0x0000000091d00000|100%| E|CS|TAMS 0x0000000091c00000, 0x0000000091c00000| Complete 

Card table byte_map: [0x0000022355f90000,0x0000022356390000] _byte_map_base: 0x0000022355b90000

Marking Bits (Prev, Next): (CMBitMap*) 0x00000223418ecd30, (CMBitMap*) 0x00000223418ecd70
 Prev Bits: [0x0000022356790000, 0x0000022358790000)
 Next Bits: [0x0000022358790000, 0x000002235a790000)

Polling page: 0x0000022341950000

Metaspace:

Usage:
  Non-class:     58.05 MB used.
      Class:      9.19 MB used.
       Both:     67.25 MB used.

Virtual space:
  Non-class space:       64.00 MB reserved,      58.38 MB ( 91%) committed,  1 nodes.
      Class space:        1.00 GB reserved,       9.44 MB ( <1%) committed,  1 nodes.
             Both:        1.06 GB reserved,      67.81 MB (  6%) committed. 

Chunk freelists:
   Non-Class:  5.11 MB
       Class:  6.56 MB
        Both:  11.67 MB

MaxMetaspaceSize: unlimited
CompressedClassSpaceSize: 1.00 GB
Initial GC threshold: 21.00 MB
Current GC threshold: 93.88 MB
CDS: off
MetaspaceReclaimPolicy: balanced
 - commit_granule_bytes: 65536.
 - commit_granule_words: 8192.
 - virtual_space_node_default_size: 8388608.
 - enlarge_chunks_in_place: 1.
 - new_chunks_are_fully_committed: 0.
 - uncommit_free_chunks: 1.
 - use_allocation_guard: 0.
 - handle_deallocations: 1.


Internal statistics:

num_allocs_failed_limit: 6.
num_arena_births: 812.
num_arena_deaths: 4.
num_vsnodes_births: 2.
num_vsnodes_deaths: 0.
num_space_committed: 1085.
num_space_uncommitted: 0.
num_chunks_returned_to_freelist: 12.
num_chunks_taken_from_freelist: 3285.
num_chunk_merges: 6.
num_chunk_splits: 2157.
num_chunks_enlarged: 1459.
num_inconsistent_stats: 0.

CodeHeap 'non-profiled nmethods': size=120000Kb used=6352Kb max_used=6352Kb free=113647Kb
 bounds [0x000002234e040000, 0x000002234e680000, 0x0000022355570000]
CodeHeap 'profiled nmethods': size=120000Kb used=13781Kb max_used=13781Kb free=106218Kb
 bounds [0x0000022346570000, 0x00000223472f0000, 0x000002234daa0000]
CodeHeap 'non-nmethods': size=5760Kb used=2344Kb max_used=2414Kb free=3415Kb
 bounds [0x000002234daa0000, 0x000002234dd10000, 0x000002234e040000]
 total_blobs=8074 nmethods=7202 adapters=781
 compilation: enabled
              stopped_count=0, restarted_count=0
 full_count=0

Compilation events (20 events):
Event: 113.579 Thread 0x0000022361031260 9226       3       org.gradle.internal.component.external.model.GradleDependencyMetadata::getSelector (5 bytes)
Event: 113.579 Thread 0x0000022361031260 nmethod 9226 0x00000223472e4290 code [0x00000223472e4420, 0x00000223472e4558]
Event: 113.579 Thread 0x0000022361031260 9227       1       org.gradle.api.internal.artifacts.ivyservice.resolveengine.graph.builder.SelectorState::getVersionConstraint (5 bytes)
Event: 113.579 Thread 0x0000022361031260 nmethod 9227 0x000002234e673490 code [0x000002234e673620, 0x000002234e6736f8]
Event: 113.580 Thread 0x0000022361031260 9228       1       org.gradle.api.internal.artifacts.ivyservice.resolveengine.graph.builder.ModuleResolveState::getId (5 bytes)
Event: 113.580 Thread 0x0000022361031260 nmethod 9228 0x000002234e673790 code [0x000002234e673920, 0x000002234e6739f8]
Event: 113.580 Thread 0x0000022361031260 9229       1       org.gradle.api.internal.artifacts.ivyservice.resolveengine.graph.builder.ResolveState::getConflictTracker (5 bytes)
Event: 113.580 Thread 0x0000022361031260 nmethod 9229 0x000002234e673a90 code [0x000002234e673c20, 0x000002234e673cf8]
Event: 113.580 Thread 0x0000022361031260 9231       3       java.lang.invoke.LambdaForm$MH/0x0000000100314800::linkToTargetMethod (11 bytes)
Event: 113.580 Thread 0x0000022361031260 nmethod 9231 0x00000223472e4610 code [0x00000223472e47c0, 0x00000223472e4bf8]
Event: 113.580 Thread 0x0000022361031260 9230       1       org.gradle.api.internal.artifacts.DefaultModuleVersionIdentifier::hashCode (5 bytes)
Event: 113.580 Thread 0x0000022361031260 nmethod 9230 0x000002234e673d90 code [0x000002234e673f20, 0x000002234e673ff8]
Event: 113.723 Thread 0x0000022361031260 9232       3       org.gradle.api.internal.artifacts.ivyservice.modulecache.StringDeduplicatingDecoder::readString (22 bytes)
Event: 113.723 Thread 0x0000022361031260 nmethod 9232 0x00000223472e4d10 code [0x00000223472e4ec0, 0x00000223472e5238]
Event: 113.723 Thread 0x0000022361031260 9233       3       org.gradle.internal.snapshot.impl.AbstractScalarValueSnapshot::equals (41 bytes)
Event: 113.724 Thread 0x0000022361031260 nmethod 9233 0x00000223472e5390 code [0x00000223472e5560, 0x00000223472e5968]
Event: 113.724 Thread 0x0000022361031260 9234       3       com.google.common.collect.ImmutableList::listIterator (14 bytes)
Event: 113.724 Thread 0x0000022361031260 nmethod 9234 0x00000223472e5a90 code [0x00000223472e5c80, 0x00000223472e61d8]
Event: 113.724 Thread 0x0000022361031260 9235       3       com.google.common.collect.ImmutableList$1::<init> (12 bytes)
Event: 113.725 Thread 0x0000022361031260 nmethod 9235 0x00000223472e6410 code [0x00000223472e65e0, 0x00000223472e6988]

GC Heap History (20 events):
Event: 66.495 GC heap before
{Heap before GC invocations=69 (full 0):
 garbage-first heap   total 201728K, used 171097K [0x0000000080000000, 0x0000000100000000)
  region size 1024K, 98 young (100352K), 8 survivors (8192K)
 Metaspace       used 58068K, committed 58560K, reserved 1114112K
  class space    used 7814K, committed 8000K, reserved 1048576K
}
Event: 66.503 GC heap after
{Heap after GC invocations=70 (full 0):
 garbage-first heap   total 242688K, used 80032K [0x0000000080000000, 0x0000000100000000)
  region size 1024K, 8 young (8192K), 8 survivors (8192K)
 Metaspace       used 58068K, committed 58560K, reserved 1114112K
  class space    used 7814K, committed 8000K, reserved 1048576K
}
Event: 66.887 GC heap before
{Heap before GC invocations=70 (full 0):
 garbage-first heap   total 242688K, used 208032K [0x0000000080000000, 0x0000000100000000)
  region size 1024K, 133 young (136192K), 8 survivors (8192K)
 Metaspace       used 58069K, committed 58560K, reserved 1114112K
  class space    used 7814K, committed 8000K, reserved 1048576K
}
Event: 66.895 GC heap after
{Heap after GC invocations=71 (full 0):
 garbage-first heap   total 242688K, used 81710K [0x0000000080000000, 0x0000000100000000)
  region size 1024K, 9 young (9216K), 9 survivors (9216K)
 Metaspace       used 58069K, committed 58560K, reserved 1114112K
  class space    used 7814K, committed 8000K, reserved 1048576K
}
Event: 67.616 GC heap before
{Heap before GC invocations=71 (full 0):
 garbage-first heap   total 242688K, used 207662K [0x0000000080000000, 0x0000000100000000)
  region size 1024K, 132 young (135168K), 9 survivors (9216K)
 Metaspace       used 58070K, committed 58560K, reserved 1114112K
  class space    used 7814K, committed 8000K, reserved 1048576K
}
Event: 67.624 GC heap after
{Heap after GC invocations=72 (full 0):
 garbage-first heap   total 242688K, used 82754K [0x0000000080000000, 0x0000000100000000)
  region size 1024K, 10 young (10240K), 10 survivors (10240K)
 Metaspace       used 58070K, committed 58560K, reserved 1114112K
  class space    used 7814K, committed 8000K, reserved 1048576K
}
Event: 69.732 GC heap before
{Heap before GC invocations=72 (full 0):
 garbage-first heap   total 242688K, used 206658K [0x0000000080000000, 0x0000000100000000)
  region size 1024K, 131 young (134144K), 10 survivors (10240K)
 Metaspace       used 58070K, committed 58560K, reserved 1114112K
  class space    used 7814K, committed 8000K, reserved 1048576K
}
Event: 69.741 GC heap after
{Heap after GC invocations=73 (full 0):
 garbage-first heap   total 242688K, used 83829K [0x0000000080000000, 0x0000000100000000)
  region size 1024K, 10 young (10240K), 10 survivors (10240K)
 Metaspace       used 58070K, committed 58560K, reserved 1114112K
  class space    used 7814K, committed 8000K, reserved 1048576K
}
Event: 70.549 GC heap before
{Heap before GC invocations=73 (full 0):
 garbage-first heap   total 242688K, used 206709K [0x0000000080000000, 0x0000000100000000)
  region size 1024K, 130 young (133120K), 10 survivors (10240K)
 Metaspace       used 58071K, committed 58560K, reserved 1114112K
  class space    used 7814K, committed 8000K, reserved 1048576K
}
Event: 70.559 GC heap after
{Heap after GC invocations=74 (full 0):
 garbage-first heap   total 242688K, used 85650K [0x0000000080000000, 0x0000000100000000)
  region size 1024K, 11 young (11264K), 11 survivors (11264K)
 Metaspace       used 58071K, committed 58560K, reserved 1114112K
  class space    used 7814K, committed 8000K, reserved 1048576K
}
Event: 71.054 GC heap before
{Heap before GC invocations=74 (full 0):
 garbage-first heap   total 242688K, used 205458K [0x0000000080000000, 0x0000000100000000)
  region size 1024K, 128 young (131072K), 11 survivors (11264K)
 Metaspace       used 58077K, committed 58560K, reserved 1114112K
  class space    used 7814K, committed 8000K, reserved 1048576K
}
Event: 71.064 GC heap after
{Heap after GC invocations=75 (full 0):
 garbage-first heap   total 242688K, used 86338K [0x0000000080000000, 0x0000000100000000)
  region size 1024K, 10 young (10240K), 10 survivors (10240K)
 Metaspace       used 58077K, committed 58560K, reserved 1114112K
  class space    used 7814K, committed 8000K, reserved 1048576K
}
Event: 71.418 GC heap before
{Heap before GC invocations=75 (full 0):
 garbage-first heap   total 242688K, used 207170K [0x0000000080000000, 0x0000000100000000)
  region size 1024K, 128 young (131072K), 10 survivors (10240K)
 Metaspace       used 58077K, committed 58560K, reserved 1114112K
  class space    used 7814K, committed 8000K, reserved 1048576K
}
Event: 71.428 GC heap after
{Heap after GC invocations=76 (full 0):
 garbage-first heap   total 242688K, used 82768K [0x0000000080000000, 0x0000000100000000)
  region size 1024K, 10 young (10240K), 10 survivors (10240K)
 Metaspace       used 58077K, committed 58560K, reserved 1114112K
  class space    used 7814K, committed 8000K, reserved 1048576K
}
Event: 103.248 GC heap before
{Heap before GC invocations=76 (full 0):
 garbage-first heap   total 242688K, used 210768K [0x0000000080000000, 0x0000000100000000)
  region size 1024K, 131 young (134144K), 10 survivors (10240K)
 Metaspace       used 58089K, committed 58560K, reserved 1114112K
  class space    used 7814K, committed 8000K, reserved 1048576K
}
Event: 103.254 GC heap after
{Heap after GC invocations=77 (full 0):
 garbage-first heap   total 291840K, used 83155K [0x0000000080000000, 0x0000000100000000)
  region size 1024K, 5 young (5120K), 5 survivors (5120K)
 Metaspace       used 58089K, committed 58560K, reserved 1114112K
  class space    used 7814K, committed 8000K, reserved 1048576K
}
Event: 103.764 GC heap before
{Heap before GC invocations=77 (full 0):
 garbage-first heap   total 291840K, used 253139K [0x0000000080000000, 0x0000000100000000)
  region size 1024K, 171 young (175104K), 5 survivors (5120K)
 Metaspace       used 58089K, committed 58560K, reserved 1114112K
  class space    used 7814K, committed 8000K, reserved 1048576K
}
Event: 103.772 GC heap after
{Heap after GC invocations=78 (full 0):
 garbage-first heap   total 291840K, used 86497K [0x0000000080000000, 0x0000000100000000)
  region size 1024K, 9 young (9216K), 9 survivors (9216K)
 Metaspace       used 58089K, committed 58560K, reserved 1114112K
  class space    used 7814K, committed 8000K, reserved 1048576K
}
Event: 104.582 GC heap before
{Heap before GC invocations=78 (full 0):
 garbage-first heap   total 291840K, used 255457K [0x0000000080000000, 0x0000000100000000)
  region size 1024K, 170 young (174080K), 9 survivors (9216K)
 Metaspace       used 58165K, committed 58624K, reserved 1114112K
  class space    used 7817K, committed 8000K, reserved 1048576K
}
Event: 104.587 GC heap after
{Heap after GC invocations=79 (full 0):
 garbage-first heap   total 291840K, used 83155K [0x0000000080000000, 0x0000000100000000)
  region size 1024K, 5 young (5120K), 5 survivors (5120K)
 Metaspace       used 58165K, committed 58624K, reserved 1114112K
  class space    used 7817K, committed 8000K, reserved 1048576K
}

Dll operation events (3 events):
Event: 0.108 Loaded shared library C:\Program Files\Android\Android Studio\jbr\bin\java.dll
Event: 0.328 Loaded shared library C:\Program Files\Android\Android Studio\jbr\bin\zip.dll
Event: 0.863 Loaded shared library C:\Program Files\Android\Android Studio\jbr\bin\verify.dll

Deoptimization events (20 events):
Event: 112.522 Thread 0x0000022362dd9520 Uncommon trap: trap_request=0xffffff45 fr.pc=0x000002234e56424c relative=0x000000000000166c
Event: 112.522 Thread 0x0000022362dd9520 Uncommon trap: reason=unstable_if action=reinterpret pc=0x000002234e56424c method=java.util.concurrent.ConcurrentHashMap.computeIfAbsent(Ljava/lang/Object;Ljava/util/function/Function;)Ljava/lang/Object; @ 123 c2
Event: 112.522 Thread 0x0000022362dd9520 DEOPT PACKING pc=0x000002234e56424c sp=0x000000917e9f8f60
Event: 112.522 Thread 0x0000022362dd9520 DEOPT UNPACKING pc=0x000002234daf69a3 sp=0x000000917e9f8ee0 mode 2
Event: 112.538 Thread 0x0000022362dd9520 Uncommon trap: trap_request=0xffffff45 fr.pc=0x000002234e31f5f0 relative=0x0000000000000610
Event: 112.538 Thread 0x0000022362dd9520 Uncommon trap: reason=unstable_if action=reinterpret pc=0x000002234e31f5f0 method=org.objectweb.asm.MethodWriter.visitIincInsn(II)V @ 75 c2
Event: 112.538 Thread 0x0000022362dd9520 DEOPT PACKING pc=0x000002234e31f5f0 sp=0x000000917e9f7100
Event: 112.538 Thread 0x0000022362dd9520 DEOPT UNPACKING pc=0x000002234daf69a3 sp=0x000000917e9f70f8 mode 2
Event: 113.002 Thread 0x0000022362dd9520 Uncommon trap: trap_request=0xffffffd6 fr.pc=0x000002234e3234b0 relative=0x0000000000000770
Event: 113.002 Thread 0x0000022362dd9520 Uncommon trap: reason=array_check action=maybe_recompile pc=0x000002234e3234b0 method=java.util.ComparableTimSort.reverseRange([Ljava/lang/Object;II)V @ 20 c2
Event: 113.002 Thread 0x0000022362dd9520 DEOPT PACKING pc=0x000002234e3234b0 sp=0x000000917e9f76a0
Event: 113.002 Thread 0x0000022362dd9520 DEOPT UNPACKING pc=0x000002234daf69a3 sp=0x000000917e9f75d8 mode 2
Event: 113.038 Thread 0x0000022362dd9520 Uncommon trap: trap_request=0xffffffd6 fr.pc=0x000002234e3234b0 relative=0x0000000000000770
Event: 113.038 Thread 0x0000022362dd9520 Uncommon trap: reason=array_check action=maybe_recompile pc=0x000002234e3234b0 method=java.util.ComparableTimSort.reverseRange([Ljava/lang/Object;II)V @ 20 c2
Event: 113.038 Thread 0x0000022362dd9520 DEOPT PACKING pc=0x000002234e3234b0 sp=0x000000917e9f6df0
Event: 113.038 Thread 0x0000022362dd9520 DEOPT UNPACKING pc=0x000002234daf69a3 sp=0x000000917e9f6d28 mode 2
Event: 113.040 Thread 0x0000022362dd9520 Uncommon trap: trap_request=0xffffffd6 fr.pc=0x000002234e3234b0 relative=0x0000000000000770
Event: 113.040 Thread 0x0000022362dd9520 Uncommon trap: reason=array_check action=maybe_recompile pc=0x000002234e3234b0 method=java.util.ComparableTimSort.reverseRange([Ljava/lang/Object;II)V @ 20 c2
Event: 113.040 Thread 0x0000022362dd9520 DEOPT PACKING pc=0x000002234e3234b0 sp=0x000000917e9f6fb0
Event: 113.040 Thread 0x0000022362dd9520 DEOPT UNPACKING pc=0x000002234daf69a3 sp=0x000000917e9f6ee8 mode 2

Classes unloaded (5 events):
Event: 33.450 Thread 0x000002235cdef8b0 Unloading class 0x0000000100680558 '_BuildScript_$_run_closure1'
Event: 33.450 Thread 0x000002235cdef8b0 Unloading class 0x0000000100680000 '_BuildScript_'
Event: 36.690 Thread 0x000002235cdef8b0 Unloading class 0x0000000100719968 '_BuildScript_$_run_closure1$_closure2'
Event: 36.690 Thread 0x000002235cdef8b0 Unloading class 0x0000000100719558 '_BuildScript_$_run_closure1'
Event: 36.690 Thread 0x000002235cdef8b0 Unloading class 0x0000000100719000 '_BuildScript_'

Classes redefined (0 events):
No events

Internal exceptions (20 events):
Event: 111.792 Thread 0x0000022362dd9520 Exception <a 'java/lang/ClassNotFoundException'{0x000000008ad7e8b0}: org/gradle/api/internal/project/DefaultProject_DecoratedCustomizer> (0x000000008ad7e8b0) 
thrown [s\src\hotspot\share\classfile\systemDictionary.cpp, line 256]
Event: 112.394 Thread 0x0000022362dd9520 Exception <a 'java/lang/NoSuchMethodError'{0x000000008a325950}: 'long java.lang.invoke.DirectMethodHandle$Holder.invokeStatic(java.lang.Object, long)'> (0x000000008a325950) 
thrown [s\src\hotspot\share\interpreter\linkResolver.cpp, line 771]
Event: 112.593 Thread 0x0000022362dd9520 Exception <a 'java/lang/NoSuchMethodError'{0x0000000089fa48b0}: 'java.lang.Object java.lang.invoke.DirectMethodHandle$Holder.invokeSpecial(java.lang.Object, java.lang.Object, java.lang.Object, java.lang.Object, java.lang.Object, java.lang.Object, java.lang.Object, java.lang.Object, java.lang.Object, java.lang.Object, java.lang.Object, java.lang.Object, java.lang.Object, java.lang.Object, java.lang.Object, java.lang.Object, java.lang.Object, java.lang.Object, java.lang.Object, java.lang.Object, java.lang.Ob
Event: 112.594 Thread 0x0000022362dd9520 Exception <a 'java/lang/NoSuchMethodError'{0x0000000089faadc0}: 'java.lang.Object java.lang.invoke.DelegatingMethodHandle$Holder.reinvoke_L(java.lang.Object, java.lang.Object, java.lang.Object, java.lang.Object, java.lang.Object, java.lang.Object, java.lang.Object, java.lang.Object, java.lang.Object, java.lang.Object, java.lang.Object, java.lang.Object, java.lang.Object, java.lang.Object, java.lang.Object, java.lang.Object, java.lang.Object, java.lang.Object, java.lang.Object, java.lang.Object, java.lang.O
Event: 112.596 Thread 0x0000022362dd9520 Exception <a 'java/lang/NoSuchMethodError'{0x0000000089fb6808}: 'java.lang.Object java.lang.invoke.Invokers$Holder.invoker(java.lang.Object, java.lang.Object, java.lang.Object, java.lang.Object, java.lang.Object, java.lang.Object, java.lang.Object, java.lang.Object, java.lang.Object, java.lang.Object, java.lang.Object, java.lang.Object, java.lang.Object, java.lang.Object, java.lang.Object, java.lang.Object, java.lang.Object, java.lang.Object, java.lang.Object, java.lang.Object, java.lang.Object, java.lang.
Event: 112.597 Thread 0x0000022362dd9520 Exception <a 'java/lang/NoSuchMethodError'{0x0000000089fbd388}: 'java.lang.Object java.lang.invoke.DelegatingMethodHandle$Holder.delegate(java.lang.Object, java.lang.Object, java.lang.Object, java.lang.Object, java.lang.Object, java.lang.Object, java.lang.Object, java.lang.Object, java.lang.Object, java.lang.Object, java.lang.Object, java.lang.Object, java.lang.Object, java.lang.Object, java.lang.Object, java.lang.Object, java.lang.Object, java.lang.Object, java.lang.Object, java.lang.Object, java.lang.Obj
Event: 112.627 Thread 0x0000022362dd9520 Exception <a 'java/lang/NoSuchMethodError'{0x0000000089e8a5c0}: 'java.lang.Object java.lang.invoke.DirectMethodHandle$Holder.invokeStatic(java.lang.Object, java.lang.Object, java.lang.Object, java.lang.Object, java.lang.Object, java.lang.Object, java.lang.Object, java.lang.Object, java.lang.Object, java.lang.Object, java.lang.Object, java.lang.Object, java.lang.Object, java.lang.Object, java.lang.Object, java.lang.Object, java.lang.Object, java.lang.Object, java.lang.Object, java.lang.Object, java.lang.Obj
Event: 113.004 Thread 0x0000022362dd9520 Exception <a 'java/lang/NoSuchMethodError'{0x0000000089aee240}: static Lorg/gradle/api/internal/catalog/DefaultVersionCatalog;.<clinit>()V> (0x0000000089aee240) 
thrown [s\src\hotspot\share\prims\jni.cpp, line 1127]
Event: 113.033 Thread 0x0000022362dd9520 Exception <a 'java/lang/NoSuchMethodError'{0x0000000089944a98}: static [Ljava/lang/Object;.<clinit>()V> (0x0000000089944a98) 
thrown [s\src\hotspot\share\prims\jni.cpp, line 1127]
Event: 113.037 Thread 0x0000022362dd9520 Exception <a 'java/lang/NoSuchMethodError'{0x000000008996d468}: static Lorg/gradle/api/internal/catalog/DependencyModel;.<clinit>()V> (0x000000008996d468) 
thrown [s\src\hotspot\share\prims\jni.cpp, line 1127]
Event: 113.037 Thread 0x0000022362dd9520 Exception <a 'java/lang/NoSuchMethodError'{0x0000000089970e60}: static Lorg/gradle/api/internal/catalog/AbstractContextAwareModel;.<clinit>()V> (0x0000000089970e60) 
thrown [s\src\hotspot\share\prims\jni.cpp, line 1127]
Event: 113.040 Thread 0x0000022362dd9520 Exception <a 'java/lang/NoSuchMethodError'{0x000000008998aa30}: static Lorg/gradle/api/internal/artifacts/dependencies/AbstractVersionConstraint;.<clinit>()V> (0x000000008998aa30) 
thrown [s\src\hotspot\share\prims\jni.cpp, line 1127]
Event: 113.072 Thread 0x0000022362dd9520 Exception <a 'java/lang/NoSuchMethodError'{0x00000000898411b0}: static Lorg/gradle/api/internal/catalog/PluginModel;.<clinit>()V> (0x00000000898411b0) 
thrown [s\src\hotspot\share\prims\jni.cpp, line 1127]
Event: 113.074 Thread 0x0000022362dd9520 Exception <a 'java/lang/NoSuchMethodError'{0x0000000089858520}: static Lorg/gradle/api/internal/catalog/VersionModel;.<clinit>()V> (0x0000000089858520) 
thrown [s\src\hotspot\share\prims\jni.cpp, line 1127]
Event: 113.239 Thread 0x0000022362dd9520 Exception <a 'java/lang/NoSuchMethodError'{0x00000000895d74c0}: 'int java.lang.invoke.DirectMethodHandle$Holder.invokeSpecialIFC(java.lang.Object, java.lang.Object, java.lang.Object)'> (0x00000000895d74c0) 
thrown [s\src\hotspot\share\interpreter\linkResolver.cpp, line 771]
Event: 113.415 Thread 0x0000022362dd9520 Exception <a 'java/lang/NoSuchMethodError'{0x0000000089186c80}: 'java.lang.Object java.lang.invoke.DirectMethodHandle$Holder.newInvokeSpecial(java.lang.Object, java.lang.Object, java.lang.Object, java.lang.Object, java.lang.Object, int)'> (0x0000000089186c80) 
thrown [s\src\hotspot\share\interpreter\linkResolver.cpp, line 771]
Event: 113.416 Thread 0x0000022362dd9520 Exception <a 'java/lang/NoSuchMethodError'{0x000000008918c338}: 'java.lang.Object java.lang.invoke.DirectMethodHandle$Holder.invokeSpecial(java.lang.Object, java.lang.Object, java.lang.Object, java.lang.Object, java.lang.Object, java.lang.Object, int)'> (0x000000008918c338) 
thrown [s\src\hotspot\share\interpreter\linkResolver.cpp, line 771]
Event: 113.417 Thread 0x0000022362dd9520 Exception <a 'java/lang/NoSuchMethodError'{0x0000000089191378}: 'java.lang.Object java.lang.invoke.Invokers$Holder.linkToTargetMethod(java.lang.Object, java.lang.Object, java.lang.Object, java.lang.Object, int, java.lang.Object)'> (0x0000000089191378) 
thrown [s\src\hotspot\share\interpreter\linkResolver.cpp, line 771]
Event: 113.424 Thread 0x0000022362dd9520 Exception <a 'java/lang/NoSuchMethodError'{0x00000000891c3568}: 'java.lang.Object java.lang.invoke.DirectMethodHandle$Holder.invokeSpecial(java.lang.Object, java.lang.Object, java.lang.Object, java.lang.Object, java.lang.Object, long)'> (0x00000000891c3568) 
thrown [s\src\hotspot\share\interpreter\linkResolver.cpp, line 771]
Event: 113.428 Thread 0x0000022362dd9520 Exception <a 'java/lang/NoSuchMethodError'{0x00000000891e6538}: 'void java.lang.invoke.DirectMethodHandle$Holder.invokeStatic(java.lang.Object, java.lang.Object, java.lang.Object, int, java.lang.Object)'> (0x00000000891e6538) 
thrown [s\src\hotspot\share\interpreter\linkResolver.cpp, line 771]

VM Operations (20 events):
Event: 106.451 Executing VM operation: Cleanup
Event: 106.451 Executing VM operation: Cleanup done
Event: 107.467 Executing VM operation: Cleanup
Event: 107.467 Executing VM operation: Cleanup done
Event: 108.263 Executing VM operation: HandshakeAllThreads
Event: 108.263 Executing VM operation: HandshakeAllThreads done
Event: 109.263 Executing VM operation: Cleanup
Event: 109.264 Executing VM operation: Cleanup done
Event: 111.119 Executing VM operation: HandshakeAllThreads
Event: 111.119 Executing VM operation: HandshakeAllThreads done
Event: 111.119 Executing VM operation: Cleanup
Event: 111.119 Executing VM operation: Cleanup done
Event: 111.343 Executing VM operation: HandshakeAllThreads
Event: 111.343 Executing VM operation: HandshakeAllThreads done
Event: 112.357 Executing VM operation: Cleanup
Event: 112.357 Executing VM operation: Cleanup done
Event: 112.584 Executing VM operation: HandshakeAllThreads
Event: 112.584 Executing VM operation: HandshakeAllThreads done
Event: 113.583 Executing VM operation: Cleanup
Event: 113.584 Executing VM operation: Cleanup done

Events (20 events):
Event: 111.343 loading class java/io/FileWriter
Event: 111.343 loading class java/io/FileWriter done
Event: 111.786 Thread 0x0000022365605310 Thread added: 0x0000022365605310
Event: 111.796 loading class org/xml/sax/Locator
Event: 111.796 loading class org/xml/sax/Locator done
Event: 111.797 loading class org/xml/sax/SAXParseException
Event: 111.797 loading class org/xml/sax/SAXParseException done
Event: 111.800 loading class org/xml/sax/Attributes
Event: 111.809 loading class org/xml/sax/Attributes done
Event: 112.040 Thread 0x0000022365605310 Thread exited: 0x0000022365605310
Event: 112.112 loading class jdk/internal/loader/URLClassPath$FileLoader
Event: 112.112 loading class jdk/internal/loader/URLClassPath$FileLoader done
Event: 112.113 loading class jdk/internal/loader/URLClassPath$FileLoader$1
Event: 112.113 loading class jdk/internal/loader/URLClassPath$FileLoader$1 done
Event: 112.394 loading class java/util/function/LongUnaryOperator
Event: 112.394 loading class java/util/function/LongUnaryOperator done
Event: 112.458 Thread 0x0000022367376590 Thread added: 0x0000022367376590
Event: 112.586 Thread 0x0000022362b0f490 Thread added: 0x0000022362b0f490
Event: 112.625 loading class java/lang/invoke/BoundMethodHandle$Species_LLLLLLLLLLLLLLLLLLLLLLLL
Event: 112.625 loading class java/lang/invoke/BoundMethodHandle$Species_LLLLLLLLLLLLLLLLLLLLLLLL done


Dynamic libraries:
0x00007ff727c00000 - 0x00007ff727c0a000 	C:\Program Files\Android\Android Studio\jbr\bin\java.exe
0x00007fffe37d0000 - 0x00007fffe39c8000 	C:\Windows\SYSTEM32\ntdll.dll
0x00007fffe1b30000 - 0x00007fffe1bf2000 	C:\Windows\System32\KERNEL32.DLL
0x00007fffe14c0000 - 0x00007fffe17be000 	C:\Windows\System32\KERNELBASE.dll
0x00007fffe12a0000 - 0x00007fffe13a0000 	C:\Windows\System32\ucrtbase.dll
0x00007fffc0980000 - 0x00007fffc0997000 	C:\Program Files\Android\Android Studio\jbr\bin\jli.dll
0x00007fffcdb30000 - 0x00007fffcdb4b000 	C:\Program Files\Android\Android Studio\jbr\bin\VCRUNTIME140.dll
0x00007fffe1d80000 - 0x00007fffe1f1d000 	C:\Windows\System32\USER32.dll
0x00007fffe13f0000 - 0x00007fffe1412000 	C:\Windows\System32\win32u.dll
0x00007fffcd110000 - 0x00007fffcd3aa000 	C:\Windows\WinSxS\amd64_microsoft.windows.common-controls_6595b64144ccf1df_6.0.19041.4355_none_60b8b9eb71f62e16\COMCTL32.dll
0x00007fffe22e0000 - 0x00007fffe230b000 	C:\Windows\System32\GDI32.dll
0x00007fffe1f20000 - 0x00007fffe1fbe000 	C:\Windows\System32\msvcrt.dll
0x00007fffe10f0000 - 0x00007fffe1207000 	C:\Windows\System32\gdi32full.dll
0x00007fffe1420000 - 0x00007fffe14bd000 	C:\Windows\System32\msvcp_win.dll
0x00007fffe2020000 - 0x00007fffe204f000 	C:\Windows\System32\IMM32.DLL
0x00007fffd1be0000 - 0x00007fffd1bec000 	C:\Program Files\Android\Android Studio\jbr\bin\vcruntime140_1.dll
0x00007fffc1760000 - 0x00007fffc17ed000 	C:\Program Files\Android\Android Studio\jbr\bin\msvcp140.dll
0x00007fff7c750000 - 0x00007fff7d3d3000 	C:\Program Files\Android\Android Studio\jbr\bin\server\jvm.dll
0x00007fffe2400000 - 0x00007fffe24b1000 	C:\Windows\System32\ADVAPI32.dll
0x00007fffe1a90000 - 0x00007fffe1b2f000 	C:\Windows\System32\sechost.dll
0x00007fffe2930000 - 0x00007fffe2a53000 	C:\Windows\System32\RPCRT4.dll
0x00007fffe17c0000 - 0x00007fffe17e7000 	C:\Windows\System32\bcrypt.dll
0x00007fffe0cd0000 - 0x00007fffe0d1b000 	C:\Windows\SYSTEM32\POWRPROF.dll
0x00007fffccd60000 - 0x00007fffccd69000 	C:\Windows\SYSTEM32\WSOCK32.dll
0x00007fffe1d10000 - 0x00007fffe1d7b000 	C:\Windows\System32\WS2_32.dll
0x00007fffd1290000 - 0x00007fffd12b7000 	C:\Windows\SYSTEM32\WINMM.dll
0x00007fffde420000 - 0x00007fffde42a000 	C:\Windows\SYSTEM32\VERSION.dll
0x00007fffe0cb0000 - 0x00007fffe0cc2000 	C:\Windows\SYSTEM32\UMPDC.dll
0x00007fffdf630000 - 0x00007fffdf642000 	C:\Windows\SYSTEM32\kernel.appcore.dll
0x00007fffddf10000 - 0x00007fffddf1a000 	C:\Program Files\Android\Android Studio\jbr\bin\jimage.dll
0x00007fffde470000 - 0x00007fffde654000 	C:\Windows\SYSTEM32\DBGHELP.DLL
0x00007fffcca20000 - 0x00007fffcca54000 	C:\Windows\SYSTEM32\dbgcore.DLL
0x00007fffe1210000 - 0x00007fffe1292000 	C:\Windows\System32\bcryptPrimitives.dll
0x00007fffd93a0000 - 0x00007fffd93ae000 	C:\Program Files\Android\Android Studio\jbr\bin\instrument.dll
0x00007fffd68b0000 - 0x00007fffd68d5000 	C:\Program Files\Android\Android Studio\jbr\bin\java.dll
0x00007fffd1320000 - 0x00007fffd1338000 	C:\Program Files\Android\Android Studio\jbr\bin\zip.dll
0x00007fffe2be0000 - 0x00007fffe334d000 	C:\Windows\System32\SHELL32.dll
0x00007fffdee70000 - 0x00007fffdf614000 	C:\Windows\SYSTEM32\windows.storage.dll
0x00007fffe3410000 - 0x00007fffe3763000 	C:\Windows\System32\combase.dll
0x00007fffe06f0000 - 0x00007fffe071e000 	C:\Windows\SYSTEM32\Wldp.dll
0x00007fffe2060000 - 0x00007fffe212d000 	C:\Windows\System32\OLEAUT32.dll
0x00007fffe1c60000 - 0x00007fffe1d0d000 	C:\Windows\System32\SHCORE.dll
0x00007fffe1c00000 - 0x00007fffe1c55000 	C:\Windows\System32\shlwapi.dll
0x00007fffe0da0000 - 0x00007fffe0dc4000 	C:\Windows\SYSTEM32\profapi.dll
0x00007fffc09f0000 - 0x00007fffc0a09000 	C:\Program Files\Android\Android Studio\jbr\bin\net.dll
0x00007fffd3770000 - 0x00007fffd387d000 	C:\Windows\SYSTEM32\WINHTTP.dll
0x00007fffe04d0000 - 0x00007fffe053a000 	C:\Windows\system32\mswsock.dll
0x00007fffc09d0000 - 0x00007fffc09e6000 	C:\Program Files\Android\Android Studio\jbr\bin\nio.dll
0x00007fffd9eb0000 - 0x00007fffd9ec0000 	C:\Program Files\Android\Android Studio\jbr\bin\verify.dll
0x00007fffc0ba0000 - 0x00007fffc0bc7000 	C:\Users\ousso\AndroidStudioProjects\nvapll\native\c067742578af261105cb4f569cf0c3c89f3d7b1fecec35dd04571415982c5e48\windows-amd64\native-platform.dll
0x00007fffa52b0000 - 0x00007fffa53f4000 	C:\Users\ousso\AndroidStudioProjects\nvapll\native\38dada09dfb8b06ba9b0570ebf7e218e3eb74d4ef43ca46872605cf95ebc2f47\windows-amd64\native-platform-file-events.dll
0x00007fffda090000 - 0x00007fffda099000 	C:\Program Files\Android\Android Studio\jbr\bin\management.dll
0x00007fffd9e80000 - 0x00007fffd9e8b000 	C:\Program Files\Android\Android Studio\jbr\bin\management_ext.dll
0x00007fffe3350000 - 0x00007fffe3358000 	C:\Windows\System32\PSAPI.DLL
0x00007fffe0730000 - 0x00007fffe0748000 	C:\Windows\SYSTEM32\CRYPTSP.dll
0x00007fffdfe10000 - 0x00007fffdfe44000 	C:\Windows\system32\rsaenh.dll
0x00007fffe0d60000 - 0x00007fffe0d8e000 	C:\Windows\SYSTEM32\USERENV.dll
0x00007fffe0660000 - 0x00007fffe066c000 	C:\Windows\SYSTEM32\CRYPTBASE.dll
0x00007fffe01d0000 - 0x00007fffe020b000 	C:\Windows\SYSTEM32\IPHLPAPI.DLL
0x00007fffe2050000 - 0x00007fffe2058000 	C:\Windows\System32\NSI.dll
0x00007fffd6570000 - 0x00007fffd6587000 	C:\Windows\SYSTEM32\dhcpcsvc6.DLL
0x00007fffd5e00000 - 0x00007fffd5e1d000 	C:\Windows\SYSTEM32\dhcpcsvc.DLL
0x00007fffe0210000 - 0x00007fffe02da000 	C:\Windows\SYSTEM32\DNSAPI.dll
0x00007fffdad90000 - 0x00007fffdad99000 	C:\Program Files\Android\Android Studio\jbr\bin\extnet.dll
0x00007fffddf00000 - 0x00007fffddf07000 	C:\Windows\system32\wshunix.dll
0x00007fffe0060000 - 0x00007fffe0093000 	C:\Windows\SYSTEM32\ntmarta.dll

dbghelp: loaded successfully - version: 4.0.5 - missing functions: none
symbol engine: initialized successfully - sym options: 0x614 - pdb path: .;C:\Program Files\Android\Android Studio\jbr\bin;C:\Windows\SYSTEM32;C:\Windows\WinSxS\amd64_microsoft.windows.common-controls_6595b64144ccf1df_6.0.19041.4355_none_60b8b9eb71f62e16;C:\Program Files\Android\Android Studio\jbr\bin\server;C:\Users\ousso\AndroidStudioProjects\nvapll\native\c067742578af261105cb4f569cf0c3c89f3d7b1fecec35dd04571415982c5e48\windows-amd64;C:\Users\ousso\AndroidStudioProjects\nvapll\native\38dada09dfb8b06ba9b0570ebf7e218e3eb74d4ef43ca46872605cf95ebc2f47\windows-amd64

VM Arguments:
jvm_args: --add-opens=java.base/java.util=ALL-UNNAMED --add-opens=java.base/java.lang=ALL-UNNAMED --add-opens=java.base/java.lang.invoke=ALL-UNNAMED --add-opens=java.prefs/java.util.prefs=ALL-UNNAMED --add-opens=java.base/java.nio.charset=ALL-UNNAMED --add-opens=java.base/java.net=ALL-UNNAMED --add-opens=java.base/java.util.concurrent.atomic=ALL-UNNAMED -Xmx2048m -Dfile.encoding=UTF-8 -Duser.country=FR -Duser.language=fr -Duser.variant -javaagent:C:\Users\ousso\AndroidStudioProjects\nvapll\wrapper\dists\gradle-8.7-bin\bhs2wmbdwecv87pi65oeuq5iu\gradle-8.7\lib\agents\gradle-instrumentation-agent-8.7.jar 
java_command: org.gradle.launcher.daemon.bootstrap.GradleDaemon 8.7
java_class_path (initial): C:\Users\ousso\AndroidStudioProjects\nvapll\wrapper\dists\gradle-8.7-bin\bhs2wmbdwecv87pi65oeuq5iu\gradle-8.7\lib\gradle-launcher-8.7.jar
Launcher Type: SUN_STANDARD

[Global flags]
     intx CICompilerCount                          = 3                                         {product} {ergonomic}
     uint ConcGCThreads                            = 1                                         {product} {ergonomic}
     uint G1ConcRefinementThreads                  = 4                                         {product} {ergonomic}
   size_t G1HeapRegionSize                         = 1048576                                   {product} {ergonomic}
    uintx GCDrainStackTargetSize                   = 64                                        {product} {ergonomic}
   size_t InitialHeapSize                          = 134217728                                 {product} {ergonomic}
   size_t MarkStackSize                            = 4194304                                   {product} {ergonomic}
   size_t MaxHeapSize                              = 2147483648                                {product} {command line}
   size_t MaxNewSize                               = 1287651328                                {product} {ergonomic}
   size_t MinHeapDeltaBytes                        = 1048576                                   {product} {ergonomic}
   size_t MinHeapSize                              = 8388608                                   {product} {ergonomic}
    uintx NonNMethodCodeHeapSize                   = 5832780                                {pd product} {ergonomic}
    uintx NonProfiledCodeHeapSize                  = 122912730                              {pd product} {ergonomic}
    uintx ProfiledCodeHeapSize                     = 122912730                              {pd product} {ergonomic}
    uintx ReservedCodeCacheSize                    = 251658240                              {pd product} {ergonomic}
     bool SegmentedCodeCache                       = true                                      {product} {ergonomic}
   size_t SoftMaxHeapSize                          = 2147483648                             {manageable} {ergonomic}
     bool UseCompressedClassPointers               = true                           {product lp64_product} {ergonomic}
     bool UseCompressedOops                        = true                           {product lp64_product} {ergonomic}
     bool UseG1GC                                  = true                                      {product} {ergonomic}
     bool UseLargePagesIndividualAllocation        = false                                  {pd product} {ergonomic}

Logging:
Log output configuration:
 #0: stdout all=warning uptime,level,tags
 #1: stderr all=off uptime,level,tags

Environment Variables:
JAVA_HOME=C:\Program Files\Java\jdk-11
PATH=C:\app\db_home\bin;C:\Program Files\Python312\Scripts\;C:\Program Files\Python312\;C:\Program Files\Common Files\Oracle\Java\javapath;C:\Program Files (x86)\Common Files\Oracle\Java\javapath;C:\Users\ousso\Downloads\WINDOWS.X64_193000_db_home\bin;C:\Program Files (x86)\VMware\VMware Workstation\bin\;C:\Windows\system32;C:\Windows;C:\Windows\System32\Wbem;C:\Windows\System32\WindowsPowerShell\v1.0\;C:\Windows\System32\OpenSSH\;C:\Program Files (x86)\Microsoft SQL Server\160\Tools\Binn\;C:\Program Files\Microsoft SQL Server\160\Tools\Binn\;C:\Program Files\Microsoft SQL Server\Client SDK\ODBC\170\Tools\Binn\;C:\Program Files\Microsoft SQL Server\160\DTS\Binn\;C:\Program Files (x86)\Microsoft SQL Server\160\DTS\Binn\;C:\Program Files\Azure Data Studio\bin;C:\Program Files\Microsoft SQL Server\150\Tools\Binn\;C:\Program Files\dotnet\;C:\Program Files\Java\jdk-11\bin;C:\Program Files\Git\cmd;C:\Program Files\Docker\Docker\resources\bin;C:\Users\ousso\AppData\Local\Programs\Python\Python313\Scripts\;C:\Users\ousso\AppData\Local\Programs\Python\Python313\;C:\Users\ousso\AppData\Local\Programs\Python\Launcher\;C:\Users\ousso\AppData\Local\Microsoft\WindowsApps;C:\Users\ousso\AppData\Local\Programs\Microsoft VS Code\bin;C:\Program Files\Azure Data Studio\bin;C:\Program Files\JetBrains\IntelliJ IDEA Community Edition 2024.2.3\bin;;C:\Users\ousso\.dotnet\tools;C:\Program Files\Java\jdk-11\bin;
USERNAME=ousso
OS=Windows_NT
PROCESSOR_IDENTIFIER=Intel64 Family 6 Model 61 Stepping 4, GenuineIntel
TMP=C:\Users\ousso\AppData\Local\Temp
TEMP=C:\Users\ousso\AppData\Local\Temp



Periodic native trim disabled

JNI global refs:
JNI global refs: 28, weak refs: 35

JNI global refs memory usage: 843, weak refs: 841

Process memory usage:
Resident Set Size: 536676K (6% of 8274444K total physical memory with 412348K free physical memory)

OOME stack traces (most recent first):
Classloader memory used:
